2024/5/31 18:15:30 Start analysis...
2024/5/31 18:15:30 Loading Dataset...
2024/5/31 18:15:30 Done!
2024/5/31 18:15:30 Loading smell list...
2024/5/31 18:15:30 Starting smell search...
2024/5/31 18:15:30 Searching Rigidbody Weak Temporization Smells...
2024/5/31 18:15:30 Analyzing: CheckLight
2024/5/31 18:15:30 Analyzing: RotateCube
2024/5/31 18:15:30 Done!
2024/5/31 18:15:30 Searching Instantiate and Destroy Smells...
2024/5/31 18:15:30 Analyzing: CheckLight
2024/5/31 18:15:30 Analyzing: RotateCube
2024/5/31 18:15:30 Done!
2024/5/31 18:15:30 Searching New Allocation Smells...
2024/5/31 18:15:30 Analyzing: CheckLight
2024/5/31 18:15:30 Analyzing: RotateCube
2024/5/31 18:15:30 Done!
2024/5/31 18:15:30 Done!
2024/5/31 18:15:30 Analysis Done!
2024/5/31 18:15:30 Saving results to codeSmells.json...
2024/5/31 18:15:30 Done!
