8/23/2024 11:28:22 PM Start analysis...
8/23/2024 11:28:22 PM Loading Dataset...
8/23/2024 11:28:22 PM Loading main data...
8/23/2024 11:28:22 PM File: Results/Plugins/Data\mainResults\ProjectInfo.json
8/23/2024 11:28:22 PM File: Results/Plugins/Data\metaResults\3a3d74c24c8cf3140b0be9837e5c7a32.json
8/23/2024 11:28:22 PM File: Results/Plugins/Data\metaResults\df73a13805bf64b4db2fd89b7676f13e.json
8/23/2024 11:28:22 PM Maindata loaded!
8/23/2024 11:28:22 PM Dataset Loaded!
8/23/2024 11:28:22 PM Searching for smells...
8/23/2024 11:28:22 PM Searching SubOptimal Expensive Lights...
8/23/2024 11:28:22 PM Done!!
8/23/2024 11:28:22 PM Searching SubOptimal Expensive Lights with enable LightRealTime...
8/23/2024 11:28:22 PM Done!!
8/23/2024 11:28:22 PM Searching Animation Object with Clear Flag=nothing...
8/23/2024 11:28:22 PM Done!!
8/23/2024 11:28:22 PM Search completed!
8/23/2024 11:28:22 PM Analysis Done!
8/23/2024 11:28:22 PM Saving results...
8/23/2024 11:28:22 PM Saving: SubOptimal_Expensive_Lights.json
8/23/2024 11:28:22 PM Saving: SubOptimal_Expensive_Lights_with_enable_LightRealTime.json
8/23/2024 11:28:22 PM Saving: Camera_Render_Clear_Flag_=_Don't_Clear.json
8/23/2024 11:28:22 PM Results saved in Results/Plugins/Data\MetaSmellResults
