8/23/2024 11:28:22 PM Loading extensions...
8/23/2024 11:28:22 PM Searching MetaData file inside project folder...
8/23/2024 11:28:22 PM Searching main file...
8/23/2024 11:28:22 PM Done!
8/23/2024 11:28:22 PM Searching meta file...
8/23/2024 11:28:22 PM Done!
8/23/2024 11:28:22 PM Done!
8/23/2024 11:28:22 PM Done!
8/23/2024 11:28:22 PM Creating Result Directories
8/23/2024 11:28:22 PM Start analisys...
8/23/2024 11:28:22 PM Analyzing Main MetaData...
8/23/2024 11:28:22 PM Saving Results...
8/23/2024 11:28:22 PM Saving File: ProjectInfo.json
8/23/2024 11:28:22 PM Done!!
8/23/2024 11:28:22 PM Done!
8/23/2024 11:28:22 PM Analyzing Meta files...
8/23/2024 11:28:22 PM Analyzing File: D:\Bug_injection_project\HandPosing_Demo-master\Assets\Plugins\Android.meta
8/23/2024 11:28:22 PM Data Extracted!
8/23/2024 11:28:22 PM Saving Results...
8/23/2024 11:28:22 PM Saving File: df73a13805bf64b4db2fd89b7676f13e.json
8/23/2024 11:28:22 PM Done!!
8/23/2024 11:28:22 PM Analyzing File: D:\Bug_injection_project\HandPosing_Demo-master\Assets\Plugins\Android\AndroidManifest.xml.meta
8/23/2024 11:28:22 PM Data Extracted!
8/23/2024 11:28:22 PM Saving Results...
8/23/2024 11:28:22 PM Saving File: 3a3d74c24c8cf3140b0be9837e5c7a32.json
8/23/2024 11:28:22 PM Done!!
8/23/2024 11:28:22 PM Done!!
8/23/2024 11:28:22 PM Done!
