8/23/2024 11:28:23 PM Start analysis...
8/23/2024 11:28:23 PM Loading Dataset...
8/23/2024 11:28:23 PM Loading main data...
8/23/2024 11:28:23 PM File: Results/Poses/Data\mainResults\ProjectInfo.json
8/23/2024 11:28:23 PM File: Results/Poses/Data\metaResults\0575cc7e528d50e4f98015c9d7f861c7.json
8/23/2024 11:28:23 PM File: Results/Poses/Data\metaResults\098877b4b6314c24aac5fcf2af6276a3.json
8/23/2024 11:28:23 PM File: Results/Poses/Data\metaResults\1746000c539197b439d9763c0766f18b.json
8/23/2024 11:28:23 PM File: Results/Poses/Data\metaResults\1aeda36b38fe4e54994de8d47f61ea44.json
8/23/2024 11:28:23 PM File: Results/Poses/Data\metaResults\1e7bd29be3e2ba94cb36f7eaca6bfb30.json
8/23/2024 11:28:23 PM File: Results/Poses/Data\metaResults\22c1729e5e666004fb17bad2409ccfb4.json
8/23/2024 11:28:23 PM File: Results/Poses/Data\metaResults\308a814c844561b4d9f8a9ef861296fb.json
8/23/2024 11:28:23 PM File: Results/Poses/Data\metaResults\3f18cac568cbcaf498c410ddb92a527f.json
8/23/2024 11:28:23 PM File: Results/Poses/Data\metaResults\45e572cf78808614485bb222f169f10e.json
8/23/2024 11:28:23 PM File: Results/Poses/Data\metaResults\47d84839e0217c147b33a296caf91f6e.json
8/23/2024 11:28:23 PM File: Results/Poses/Data\metaResults\4bc4c2e7e1a0b0d488dbb648f621c1a5.json
8/23/2024 11:28:23 PM File: Results/Poses/Data\metaResults\4e4326befe5f4e9418354cf9b7a0188f.json
8/23/2024 11:28:23 PM File: Results/Poses/Data\metaResults\5706a9e69655ea441be1b8cfc9d570c8.json
8/23/2024 11:28:23 PM File: Results/Poses/Data\metaResults\72e4337094e38d3499bd72e2ed7a06b1.json
8/23/2024 11:28:23 PM File: Results/Poses/Data\metaResults\7788f67789fadb44b8fe0fa15dd8c338.json
8/23/2024 11:28:23 PM File: Results/Poses/Data\metaResults\9066ba9c83915c34f80afb3540ae8312.json
8/23/2024 11:28:23 PM File: Results/Poses/Data\metaResults\a64d54599e18d344fb2aa8d9432d7318.json
8/23/2024 11:28:23 PM File: Results/Poses/Data\metaResults\b60ba06d4c8d2524d91ca08735320819.json
8/23/2024 11:28:23 PM File: Results/Poses/Data\metaResults\ba3b247017c535f4da0fd29dbf494f9c.json
8/23/2024 11:28:23 PM File: Results/Poses/Data\metaResults\c4712ba051dff50418f6c68587bf7d74.json
8/23/2024 11:28:23 PM File: Results/Poses/Data\metaResults\cb8142d45f34cc74c9237d858ca9c9ec.json
8/23/2024 11:28:23 PM File: Results/Poses/Data\metaResults\d0535a83bf637a24d8e20b08032e6eb5.json
8/23/2024 11:28:23 PM File: Results/Poses/Data\metaResults\f0a617dcbbcfab9499e1ac80b529f3cf.json
8/23/2024 11:28:23 PM File: Results/Poses/Data\metaResults\fbec8aeff8a47af46b7a1cbf112c9490.json
8/23/2024 11:28:23 PM Maindata loaded!
8/23/2024 11:28:23 PM Dataset Loaded!
8/23/2024 11:28:23 PM Searching for smells...
8/23/2024 11:28:23 PM Searching SubOptimal Expensive Lights...
8/23/2024 11:28:23 PM Done!!
8/23/2024 11:28:23 PM Searching SubOptimal Expensive Lights with enable LightRealTime...
8/23/2024 11:28:23 PM Done!!
8/23/2024 11:28:23 PM Searching Animation Object with Clear Flag=nothing...
8/23/2024 11:28:23 PM Done!!
8/23/2024 11:28:23 PM Search completed!
8/23/2024 11:28:23 PM Analysis Done!
8/23/2024 11:28:23 PM Saving results...
8/23/2024 11:28:23 PM Saving: SubOptimal_Expensive_Lights.json
8/23/2024 11:28:23 PM Saving: SubOptimal_Expensive_Lights_with_enable_LightRealTime.json
8/23/2024 11:28:23 PM Saving: Camera_Render_Clear_Flag_=_Don't_Clear.json
8/23/2024 11:28:23 PM Results saved in Results/Poses/Data\MetaSmellResults
