8/23/2024 11:28:23 PM Loading extensions...
8/23/2024 11:28:23 PM Searching MetaData file inside project folder...
8/23/2024 11:28:23 PM Searching main file...
8/23/2024 11:28:23 PM Done!
8/23/2024 11:28:23 PM Searching meta file...
8/23/2024 11:28:23 PM Done!
8/23/2024 11:28:23 PM Done!
8/23/2024 11:28:23 PM Done!
8/23/2024 11:28:23 PM Creating Result Directories
8/23/2024 11:28:23 PM Start analisys...
8/23/2024 11:28:23 PM Analyzing Main MetaData...
8/23/2024 11:28:23 PM Saving Results...
8/23/2024 11:28:23 PM Saving File: ProjectInfo.json
8/23/2024 11:28:23 PM Done!!
8/23/2024 11:28:23 PM Done!
8/23/2024 11:28:23 PM Analyzing Meta files...
8/23/2024 11:28:23 PM Analyzing File: D:\Bug_injection_project\HandPosing_Demo-master\Assets\Poses\BookFatPoses.asset.meta
8/23/2024 11:28:23 PM Data Extracted!
8/23/2024 11:28:23 PM Saving Results...
8/23/2024 11:28:23 PM Saving File: d0535a83bf637a24d8e20b08032e6eb5.json
8/23/2024 11:28:23 PM Done!!
8/23/2024 11:28:23 PM Analyzing File: D:\Bug_injection_project\HandPosing_Demo-master\Assets\Poses\BookRegularPoses.asset.meta
8/23/2024 11:28:23 PM Data Extracted!
8/23/2024 11:28:23 PM Saving Results...
8/23/2024 11:28:23 PM Saving File: 72e4337094e38d3499bd72e2ed7a06b1.json
8/23/2024 11:28:23 PM Done!!
8/23/2024 11:28:23 PM Analyzing File: D:\Bug_injection_project\HandPosing_Demo-master\Assets\Poses\BookTallPoses.asset.meta
8/23/2024 11:28:23 PM Data Extracted!
8/23/2024 11:28:23 PM Saving Results...
8/23/2024 11:28:23 PM Saving File: fbec8aeff8a47af46b7a1cbf112c9490.json
8/23/2024 11:28:23 PM Done!!
8/23/2024 11:28:23 PM Analyzing File: D:\Bug_injection_project\HandPosing_Demo-master\Assets\Poses\BookThinPoses.asset.meta
8/23/2024 11:28:23 PM Data Extracted!
8/23/2024 11:28:23 PM Saving Results...
8/23/2024 11:28:23 PM Saving File: 5706a9e69655ea441be1b8cfc9d570c8.json
8/23/2024 11:28:23 PM Done!!
8/23/2024 11:28:23 PM Analyzing File: D:\Bug_injection_project\HandPosing_Demo-master\Assets\Poses\BottlePoses.asset.meta
8/23/2024 11:28:23 PM Data Extracted!
8/23/2024 11:28:23 PM Saving Results...
8/23/2024 11:28:23 PM Saving File: b60ba06d4c8d2524d91ca08735320819.json
8/23/2024 11:28:23 PM Done!!
8/23/2024 11:28:23 PM Analyzing File: D:\Bug_injection_project\HandPosing_Demo-master\Assets\Poses\CannonBallPoses.asset.meta
8/23/2024 11:28:23 PM Data Extracted!
8/23/2024 11:28:23 PM Saving Results...
8/23/2024 11:28:23 PM Saving File: 0575cc7e528d50e4f98015c9d7f861c7.json
8/23/2024 11:28:23 PM Done!!
8/23/2024 11:28:23 PM Analyzing File: D:\Bug_injection_project\HandPosing_Demo-master\Assets\Poses\CannonPoses.asset.meta
8/23/2024 11:28:23 PM Data Extracted!
8/23/2024 11:28:23 PM Saving Results...
8/23/2024 11:28:23 PM Saving File: 1746000c539197b439d9763c0766f18b.json
8/23/2024 11:28:23 PM Done!!
8/23/2024 11:28:23 PM Analyzing File: D:\Bug_injection_project\HandPosing_Demo-master\Assets\Poses\ChestPoses.asset.meta
8/23/2024 11:28:23 PM Data Extracted!
8/23/2024 11:28:23 PM Saving Results...
8/23/2024 11:28:23 PM Saving File: 4e4326befe5f4e9418354cf9b7a0188f.json
8/23/2024 11:28:23 PM Done!!
8/23/2024 11:28:23 PM Analyzing File: D:\Bug_injection_project\HandPosing_Demo-master\Assets\Poses\CoinPoses.asset.meta
8/23/2024 11:28:23 PM Data Extracted!
8/23/2024 11:28:23 PM Saving Results...
8/23/2024 11:28:23 PM Saving File: 9066ba9c83915c34f80afb3540ae8312.json
8/23/2024 11:28:23 PM Done!!
8/23/2024 11:28:23 PM Analyzing File: D:\Bug_injection_project\HandPosing_Demo-master\Assets\Poses\CorkPoses.asset.meta
8/23/2024 11:28:23 PM Data Extracted!
8/23/2024 11:28:23 PM Saving Results...
8/23/2024 11:28:23 PM Saving File: ba3b247017c535f4da0fd29dbf494f9c.json
8/23/2024 11:28:23 PM Done!!
8/23/2024 11:28:23 PM Analyzing File: D:\Bug_injection_project\HandPosing_Demo-master\Assets\Poses\CrownPoses.asset.meta
8/23/2024 11:28:23 PM Data Extracted!
8/23/2024 11:28:23 PM Saving Results...
8/23/2024 11:28:23 PM Saving File: f0a617dcbbcfab9499e1ac80b529f3cf.json
8/23/2024 11:28:23 PM Done!!
8/23/2024 11:28:23 PM Analyzing File: D:\Bug_injection_project\HandPosing_Demo-master\Assets\Poses\CupPoses.asset.meta
8/23/2024 11:28:23 PM Data Extracted!
8/23/2024 11:28:23 PM Saving Results...
8/23/2024 11:28:23 PM Saving File: 098877b4b6314c24aac5fcf2af6276a3.json
8/23/2024 11:28:23 PM Done!!
8/23/2024 11:28:23 PM Analyzing File: D:\Bug_injection_project\HandPosing_Demo-master\Assets\Poses\DoorPoses.asset.meta
8/23/2024 11:28:23 PM Data Extracted!
8/23/2024 11:28:23 PM Saving Results...
8/23/2024 11:28:23 PM Saving File: 22c1729e5e666004fb17bad2409ccfb4.json
8/23/2024 11:28:23 PM Done!!
8/23/2024 11:28:23 PM Analyzing File: D:\Bug_injection_project\HandPosing_Demo-master\Assets\Poses\DrawerPoses.asset.meta
8/23/2024 11:28:23 PM Data Extracted!
8/23/2024 11:28:23 PM Saving Results...
8/23/2024 11:28:23 PM Saving File: c4712ba051dff50418f6c68587bf7d74.json
8/23/2024 11:28:23 PM Done!!
8/23/2024 11:28:23 PM Analyzing File: D:\Bug_injection_project\HandPosing_Demo-master\Assets\Poses\FusePoses.asset.meta
8/23/2024 11:28:23 PM Data Extracted!
8/23/2024 11:28:23 PM Saving Results...
8/23/2024 11:28:23 PM Saving File: 7788f67789fadb44b8fe0fa15dd8c338.json
8/23/2024 11:28:23 PM Done!!
8/23/2024 11:28:23 PM Analyzing File: D:\Bug_injection_project\HandPosing_Demo-master\Assets\Poses\KeyPoses.asset.meta
8/23/2024 11:28:23 PM Data Extracted!
8/23/2024 11:28:23 PM Saving Results...
8/23/2024 11:28:23 PM Saving File: 1e7bd29be3e2ba94cb36f7eaca6bfb30.json
8/23/2024 11:28:23 PM Done!!
8/23/2024 11:28:23 PM Analyzing File: D:\Bug_injection_project\HandPosing_Demo-master\Assets\Poses\LeverPoses.asset.meta
8/23/2024 11:28:23 PM Data Extracted!
8/23/2024 11:28:23 PM Saving Results...
8/23/2024 11:28:23 PM Saving File: 3f18cac568cbcaf498c410ddb92a527f.json
8/23/2024 11:28:23 PM Done!!
8/23/2024 11:28:23 PM Analyzing File: D:\Bug_injection_project\HandPosing_Demo-master\Assets\Poses\MessagePoses.asset.meta
8/23/2024 11:28:23 PM Data Extracted!
8/23/2024 11:28:23 PM Saving Results...
8/23/2024 11:28:23 PM Saving File: a64d54599e18d344fb2aa8d9432d7318.json
8/23/2024 11:28:23 PM Done!!
8/23/2024 11:28:23 PM Analyzing File: D:\Bug_injection_project\HandPosing_Demo-master\Assets\Poses\SextantPoses.asset.meta
8/23/2024 11:28:23 PM Data Extracted!
8/23/2024 11:28:23 PM Saving Results...
8/23/2024 11:28:23 PM Saving File: 4bc4c2e7e1a0b0d488dbb648f621c1a5.json
8/23/2024 11:28:23 PM Done!!
8/23/2024 11:28:23 PM Analyzing File: D:\Bug_injection_project\HandPosing_Demo-master\Assets\Poses\SextantRulerPoses.asset.meta
8/23/2024 11:28:23 PM Data Extracted!
8/23/2024 11:28:23 PM Saving Results...
8/23/2024 11:28:23 PM Saving File: 47d84839e0217c147b33a296caf91f6e.json
8/23/2024 11:28:23 PM Done!!
8/23/2024 11:28:23 PM Analyzing File: D:\Bug_injection_project\HandPosing_Demo-master\Assets\Poses\SwordPoses.asset.meta
8/23/2024 11:28:23 PM Data Extracted!
8/23/2024 11:28:23 PM Saving Results...
8/23/2024 11:28:23 PM Saving File: 1aeda36b38fe4e54994de8d47f61ea44.json
8/23/2024 11:28:23 PM Done!!
8/23/2024 11:28:23 PM Analyzing File: D:\Bug_injection_project\HandPosing_Demo-master\Assets\Poses\TeapotLidPoses.asset.meta
8/23/2024 11:28:23 PM Data Extracted!
8/23/2024 11:28:23 PM Saving Results...
8/23/2024 11:28:23 PM Saving File: 308a814c844561b4d9f8a9ef861296fb.json
8/23/2024 11:28:23 PM Done!!
8/23/2024 11:28:23 PM Analyzing File: D:\Bug_injection_project\HandPosing_Demo-master\Assets\Poses\TeapotPoses.asset.meta
8/23/2024 11:28:23 PM Data Extracted!
8/23/2024 11:28:23 PM Saving Results...
8/23/2024 11:28:23 PM Saving File: 45e572cf78808614485bb222f169f10e.json
8/23/2024 11:28:23 PM Done!!
8/23/2024 11:28:23 PM Analyzing File: D:\Bug_injection_project\HandPosing_Demo-master\Assets\Poses\WheelPoses.asset.meta
8/23/2024 11:28:23 PM Data Extracted!
8/23/2024 11:28:23 PM Saving Results...
8/23/2024 11:28:23 PM Saving File: cb8142d45f34cc74c9237d858ca9c9ec.json
8/23/2024 11:28:23 PM Done!!
8/23/2024 11:28:23 PM Done!!
8/23/2024 11:28:23 PM Done!
