8/23/2024 11:28:10 PM Start analysis...
8/23/2024 11:28:10 PM Loading Dataset...
8/23/2024 11:28:10 PM Loading main data...
8/23/2024 11:28:10 PM File: Results/Effects/Data\mainResults\0491051b82b09be4eaa3b2224971acc7.json
8/23/2024 11:28:10 PM File: Results/Effects/Data\mainResults\0ff1b26d2bc1c4c4992192e1206ff12d.json
8/23/2024 11:28:10 PM File: Results/Effects/Data\mainResults\13df9abc33bc92449aa5a305d245bf73.json
8/23/2024 11:28:10 PM File: Results/Effects/Data\mainResults\1ddd79154939e9b469370c8b90e75d2c.json
8/23/2024 11:28:10 PM File: Results/Effects/Data\mainResults\2eb9056f10fb30047a0698265ee5fa66.json
8/23/2024 11:28:10 PM File: Results/Effects/Data\mainResults\354fb0e4ac446174a89197f2e126e903.json
8/23/2024 11:28:10 PM File: Results/Effects/Data\mainResults\5465eab95fa51994698071bb4d0b28f9.json
8/23/2024 11:28:10 PM File: Results/Effects/Data\mainResults\5c9301ead12690b4291dc70675d448fa.json
8/23/2024 11:28:10 PM File: Results/Effects/Data\mainResults\6421a5a06ae9f7a47a57b67f35c73b5a.json
8/23/2024 11:28:10 PM File: Results/Effects/Data\mainResults\64891a0eb28db934898420d80ca07cb3.json
8/23/2024 11:28:10 PM File: Results/Effects/Data\mainResults\698a8134f4ebbbd4e848648685f68067.json
8/23/2024 11:28:10 PM File: Results/Effects/Data\mainResults\776677ab3818fb249adaca05f4e04545.json
8/23/2024 11:28:10 PM File: Results/Effects/Data\mainResults\7970ea7c29a127e49bedfd5a089ee335.json
8/23/2024 11:28:10 PM File: Results/Effects/Data\mainResults\7f56bc8b1a205564e9b9b22858c19488.json
8/23/2024 11:28:10 PM File: Results/Effects/Data\mainResults\88129a2e1a1e0f741a42376e2475028d.json
8/23/2024 11:28:10 PM File: Results/Effects/Data\mainResults\b241b7c458f6c6742b12506e7249e735.json
8/23/2024 11:28:10 PM File: Results/Effects/Data\mainResults\c1c88308ebb5d2541a282905b854ee4c.json
8/23/2024 11:28:10 PM File: Results/Effects/Data\mainResults\c4d4365c3eeb8a54183f5af15699021d.json
8/23/2024 11:28:10 PM File: Results/Effects/Data\mainResults\fafa06e8ef8c7fb4eac7a74c65cf3a06.json
8/23/2024 11:28:10 PM File: Results/Effects/Data\mainResults\ProjectInfo.json
8/23/2024 11:28:10 PM File: Results/Effects/Data\metaResults\05db667749fd79541b026bff39d94a66.json
8/23/2024 11:28:10 PM File: Results/Effects/Data\metaResults\0660389cc5a6f4947997407fb6945fa1.json
8/23/2024 11:28:10 PM File: Results/Effects/Data\metaResults\0819fa6aece439246a0e26646108e660.json
8/23/2024 11:28:10 PM File: Results/Effects/Data\metaResults\26e206bd730800f4f82b828eb9f1c067.json
8/23/2024 11:28:10 PM File: Results/Effects/Data\metaResults\27f4db4ceee232940866fba2a7707601.json
8/23/2024 11:28:10 PM File: Results/Effects/Data\metaResults\27fa4acdb25b694408c1e319580653c1.json
8/23/2024 11:28:10 PM File: Results/Effects/Data\metaResults\3de4051abe4015b45a620c75f43aab90.json
8/23/2024 11:28:10 PM File: Results/Effects/Data\metaResults\40869f1ea28f71c428a56a7599602f0a.json
8/23/2024 11:28:10 PM File: Results/Effects/Data\metaResults\409ef26b64696f340b2f62b41d2fc11f.json
8/23/2024 11:28:10 PM File: Results/Effects/Data\metaResults\4eeb839975d10754d9cc46527d6a0623.json
8/23/2024 11:28:10 PM File: Results/Effects/Data\metaResults\50717a28494386d4b8fe7cb8dbec42f2.json
8/23/2024 11:28:10 PM File: Results/Effects/Data\metaResults\50d576b32d1c88f4abcea02ff8e68dbe.json
8/23/2024 11:28:10 PM File: Results/Effects/Data\metaResults\541be0b25e42aba4881c1ac99e84d82b.json
8/23/2024 11:28:10 PM File: Results/Effects/Data\metaResults\5d84fe4e64928a341b20cddfe6bcd6f1.json
8/23/2024 11:28:10 PM File: Results/Effects/Data\metaResults\5eff1a7af99e2bf4d82c3e7e6156ec78.json
8/23/2024 11:28:10 PM File: Results/Effects/Data\metaResults\9e63901976747c14dab80f1579e27f76.json
8/23/2024 11:28:10 PM File: Results/Effects/Data\metaResults\b23dc889c2cb1dd4e98cfecfdad3d3ae.json
8/23/2024 11:28:10 PM File: Results/Effects/Data\metaResults\b34f648be9d75b34ca166621afe3a2ea.json
8/23/2024 11:28:10 PM File: Results/Effects/Data\metaResults\b9034fc68a5cfdb44a37237cd5edb1bd.json
8/23/2024 11:28:10 PM File: Results/Effects/Data\metaResults\c73be1a59e37a29498aa51a1c0899884.json
8/23/2024 11:28:10 PM File: Results/Effects/Data\metaResults\c996b36d1e7f97a41836e819231fc9cf.json
8/23/2024 11:28:10 PM File: Results/Effects/Data\metaResults\d0404a587ccbf1f4ab4b0958d72672f9.json
8/23/2024 11:28:10 PM File: Results/Effects/Data\metaResults\d90e94fd83f64b24b90ab8e4b182826c.json
8/23/2024 11:28:10 PM File: Results/Effects/Data\metaResults\e6c27adf3e47c024da4e786f5898c785.json
8/23/2024 11:28:10 PM File: Results/Effects/Data\metaResults\f166adb87ec51544e8173ca8a1b784c1.json
8/23/2024 11:28:10 PM File: Results/Effects/Data\metaResults\feebd9fe3a61f384286140f9201d038d.json
8/23/2024 11:28:10 PM Maindata loaded!
8/23/2024 11:28:10 PM Dataset Loaded!
8/23/2024 11:28:10 PM Searching for smells...
8/23/2024 11:28:10 PM Searching SubOptimal Expensive Lights...
8/23/2024 11:28:10 PM Done!!
8/23/2024 11:28:10 PM Searching SubOptimal Expensive Lights with enable LightRealTime...
8/23/2024 11:28:10 PM Done!!
8/23/2024 11:28:10 PM Searching Animation Object with Clear Flag=nothing...
8/23/2024 11:28:10 PM Done!!
8/23/2024 11:28:10 PM Search completed!
8/23/2024 11:28:10 PM Analysis Done!
8/23/2024 11:28:10 PM Saving results...
8/23/2024 11:28:10 PM Saving: SubOptimal_Expensive_Lights.json
8/23/2024 11:28:10 PM Saving: SubOptimal_Expensive_Lights_with_enable_LightRealTime.json
8/23/2024 11:28:10 PM Saving: Camera_Render_Clear_Flag_=_Don't_Clear.json
8/23/2024 11:28:10 PM Results saved in Results/Effects/Data\MetaSmellResults
