2024/5/23 23:01:11 Results File: C:\VR_files\experiment\UnityLint_new_ver\UnityLint_new\CodeAnalysis.json
2024/5/23 23:01:11 Project: C# Project
2024/5/23 23:01:11 Directory Analyzed: C:\VR_files\experiment\UnityCodeSmellAnalyzer-main\UnityCodeSmellAnalyzer-main\Examples\PoorlyDesignedGame\Assets\
2024/5/23 23:01:11 Config File: Config.json
2024/5/23 23:01:11 Statements: False
2024/5/23 23:01:11 Verbose: True
2024/5/23 23:01:11 Project Path: C:\VR_files\experiment\UnityCodeSmellAnalyzer-main\UnityCodeSmellAnalyzer-main\Examples\PoorlyDesignedGame\Assets\
2024/5/23 23:01:11 Log Level: Debug
2024/5/23 23:01:11 Config File Not Found!
2024/5/23 23:01:11 Additional Assemblies: None
2024/5/23 23:01:11 Analysis Started...
2024/5/23 23:01:11 Loading Project Assemblies...
2024/5/23 23:01:11 Nothing Found!
2024/5/23 23:01:11 Loading Config Assemblies Directories...
2024/5/23 23:01:11 Nothing Found!
2024/5/23 23:01:11 Loading Project...
2024/5/23 23:01:11 Loaded!
2024/5/23 23:01:12 Analyzing CheckLight
2024/5/23 23:01:14 Analyzing RotateCube
2024/5/23 23:01:15 Converting to JSON format...
2024/5/23 23:01:16 Done!
2024/5/23 23:01:16 Saving Results in C:\VR_files\experiment\UnityLint_new_ver\UnityLint_new\CodeAnalysis.json
2024/5/23 23:01:16 Done!
2024/5/25 13:44:22 Project cannot be reached
