2024/5/24 12:31:14 Start analysis...
2024/5/24 12:31:14 Loading Dataset...
2024/5/24 12:31:14 Loading main data...
2024/5/24 12:31:14 File: C:\VR_files\experiment\UnityLint_new_ver\UnityLint_new\Results\mainResults\0a0a2b5ea6807c54b84497972aab4623.json
2024/5/24 12:31:14 File: C:\VR_files\experiment\UnityLint_new_ver\UnityLint_new\Results\mainResults\50eb24ac417e9e44aa9b19dc178c4db5.json
2024/5/24 12:31:14 File: C:\VR_files\experiment\UnityLint_new_ver\UnityLint_new\Results\mainResults\592925c78934b6b4390b860723fbbbf9.json
2024/5/24 12:31:14 File: C:\VR_files\experiment\UnityLint_new_ver\UnityLint_new\Results\mainResults\682ad2e2fe03d2b4f92ebd285d69f0e3.json
2024/5/24 12:31:14 File: C:\VR_files\experiment\UnityLint_new_ver\UnityLint_new\Results\mainResults\87c2b3b5767ef02438c6da0232de025d.json
2024/5/24 12:31:14 File: C:\VR_files\experiment\UnityLint_new_ver\UnityLint_new\Results\mainResults\b09e9bcdfb32c824ea08ac932f72b671.json
2024/5/24 12:31:14 File: C:\VR_files\experiment\UnityLint_new_ver\UnityLint_new\Results\mainResults\ProjectInfo.json
2024/5/24 12:31:14 File: C:\VR_files\experiment\UnityLint_new_ver\UnityLint_new\Results\metaResults\01bc0201e6a3c4d47a73c0f6eebf078d.json
2024/5/24 12:31:14 File: C:\VR_files\experiment\UnityLint_new_ver\UnityLint_new\Results\metaResults\02ae4ce9fdeda8b418b8e05be1328700.json
2024/5/24 12:31:14 File: C:\VR_files\experiment\UnityLint_new_ver\UnityLint_new\Results\metaResults\0d3ca36218c585f47b5f7d0d13f71ec3.json
2024/5/24 12:31:14 File: C:\VR_files\experiment\UnityLint_new_ver\UnityLint_new\Results\metaResults\59efbce1783d0e245a8c2fa3bc3149d2.json
2024/5/24 12:31:14 File: C:\VR_files\experiment\UnityLint_new_ver\UnityLint_new\Results\metaResults\5f1ca68d391c4d54faa9df4253788d3c.json
2024/5/24 12:31:14 File: C:\VR_files\experiment\UnityLint_new_ver\UnityLint_new\Results\metaResults\5f95beed189978a4ca19f23acbf465b9.json
2024/5/24 12:31:14 File: C:\VR_files\experiment\UnityLint_new_ver\UnityLint_new\Results\metaResults\73fbe6f21687b0a4bb9b69ddba4114eb.json
2024/5/24 12:31:14 File: C:\VR_files\experiment\UnityLint_new_ver\UnityLint_new\Results\metaResults\79558e5847798034f9eb2416596f1dd7.json
2024/5/24 12:31:14 File: C:\VR_files\experiment\UnityLint_new_ver\UnityLint_new\Results\metaResults\cfc284d4ce15fbb48934c94e8cdc79b4.json
2024/5/24 12:31:14 File: C:\VR_files\experiment\UnityLint_new_ver\UnityLint_new\Results\metaResults\d49ac443541c8b94bb22a8c8625ef927.json
2024/5/24 12:31:14 File: C:\VR_files\experiment\UnityLint_new_ver\UnityLint_new\Results\metaResults\d57650cad822a544a90728a52783f2bc.json
2024/5/24 12:31:14 File: C:\VR_files\experiment\UnityLint_new_ver\UnityLint_new\Results\metaResults\ddbd58c5142dd1642ba18076bd442ed4.json
2024/5/24 12:31:14 File: C:\VR_files\experiment\UnityLint_new_ver\UnityLint_new\Results\metaResults\fd56e627d4036bc49b9951658757c57b.json
2024/5/24 12:31:14 Maindata loaded!
2024/5/24 12:31:14 Dataset Loaded!
2024/5/24 12:31:14 Searching for smells...
2024/5/24 12:31:14 Searching SubOptimal Expensive Lights...
2024/5/24 12:31:14 Done!!
2024/5/24 12:31:14 Searching SubOptimal Expensive Lights with enable LightRealTime...
2024/5/24 12:31:14 Done!!
2024/5/24 12:31:14 Searching Animation Object with Clear Flag=nothing...
2024/5/24 12:31:14 Done!!
2024/5/24 12:31:14 Search completed!
2024/5/24 12:31:14 Analysis Done!
2024/5/24 12:31:14 Saving results...
2024/5/24 12:31:14 Results saved in results.json
