2024/5/24 12:08:04 Loading extensions...
2024/5/24 12:08:04 Searching MetaData file inside project folder...
2024/5/24 12:08:04 Searching main file...
2024/5/24 12:08:04 Done!
2024/5/24 12:08:04 Searching meta file...
2024/5/24 12:08:04 Done!
2024/5/24 12:08:04 Done!
2024/5/24 12:08:04 Done!
2024/5/24 12:08:04 Creating Result Directories
2024/5/24 12:08:04 Start analisys...
2024/5/24 12:08:04 Analyzing Main MetaData...
2024/5/24 12:08:04 Saving Results...
2024/5/24 12:08:04 Saving File: ProjectInfo.json
2024/5/24 12:08:04 Done!!
2024/5/24 12:08:04 Analyzing File: C:\VR_files\experiment\UnityCodeSmellAnalyzer-main\UnityCodeSmellAnalyzer-main\Examples\PoorlyDesignedGame\Assets\ExampleGame\Animations\An.anim
2024/5/24 12:08:04 Data Extracted!
2024/5/24 12:08:04 Saving Results...
2024/5/24 12:08:04 Saving File: 0a0a2b5ea6807c54b84497972aab4623.json
2024/5/24 12:08:04 Done!!
2024/5/24 12:08:04 Analyzing File: C:\VR_files\experiment\UnityCodeSmellAnalyzer-main\UnityCodeSmellAnalyzer-main\Examples\PoorlyDesignedGame\Assets\ExampleGame\Animator Controllers\Animator2.controller
2024/5/24 12:08:04 Data Extracted!
2024/5/24 12:08:04 Saving Results...
2024/5/24 12:08:04 Saving File: b09e9bcdfb32c824ea08ac932f72b671.json
2024/5/24 12:08:04 Done!!
2024/5/24 12:08:04 Analyzing File: C:\VR_files\experiment\UnityCodeSmellAnalyzer-main\UnityCodeSmellAnalyzer-main\Examples\PoorlyDesignedGame\Assets\ExampleGame\Animator Controllers\AnystateAnimator.controller
2024/5/24 12:08:04 Data Extracted!
2024/5/24 12:08:04 Saving Results...
2024/5/24 12:08:04 Saving File: 592925c78934b6b4390b860723fbbbf9.json
2024/5/24 12:08:04 Done!!
2024/5/24 12:08:04 Analyzing File: C:\VR_files\experiment\UnityCodeSmellAnalyzer-main\UnityCodeSmellAnalyzer-main\Examples\PoorlyDesignedGame\Assets\ExampleGame\Profabs\Sphere.prefab
2024/5/24 12:08:04 Data Extracted!
2024/5/24 12:08:04 Saving Results...
2024/5/24 12:08:04 Saving File: 50eb24ac417e9e44aa9b19dc178c4db5.json
2024/5/24 12:08:04 Done!!
2024/5/24 12:08:04 Analyzing File: C:\VR_files\experiment\UnityCodeSmellAnalyzer-main\UnityCodeSmellAnalyzer-main\Examples\PoorlyDesignedGame\Assets\ExampleGame\Profabs\toy.prefab
2024/5/24 12:08:04 Data Extracted!
2024/5/24 12:08:04 Saving Results...
2024/5/24 12:08:04 Saving File: 682ad2e2fe03d2b4f92ebd285d69f0e3.json
2024/5/24 12:08:04 Done!!
2024/5/24 12:08:04 Analyzing File: C:\VR_files\experiment\UnityCodeSmellAnalyzer-main\UnityCodeSmellAnalyzer-main\Examples\PoorlyDesignedGame\Assets\ExampleGame\Scenes\SampleScene.unity
2024/5/24 12:08:04 Data Extracted!
2024/5/24 12:08:04 Saving Results...
2024/5/24 12:08:04 Saving File: 87c2b3b5767ef02438c6da0232de025d.json
2024/5/24 12:08:04 Done!!
2024/5/24 12:08:04 Done!
2024/5/24 12:08:04 Analyzing Meta files...
2024/5/24 12:08:04 Analyzing File: C:\VR_files\experiment\UnityCodeSmellAnalyzer-main\UnityCodeSmellAnalyzer-main\Examples\PoorlyDesignedGame\Assets\ExampleGame\Animations.meta
2024/5/24 12:08:04 Data Extracted!
2024/5/24 12:08:04 Saving Results...
2024/5/24 12:08:04 Saving File: 79558e5847798034f9eb2416596f1dd7.json
2024/5/24 12:08:04 Done!!
2024/5/24 12:08:04 Analyzing File: C:\VR_files\experiment\UnityCodeSmellAnalyzer-main\UnityCodeSmellAnalyzer-main\Examples\PoorlyDesignedGame\Assets\ExampleGame\Animator Controllers.meta
2024/5/24 12:08:04 Data Extracted!
2024/5/24 12:08:04 Saving Results...
2024/5/24 12:08:04 Saving File: 0d3ca36218c585f47b5f7d0d13f71ec3.json
2024/5/24 12:08:04 Done!!
2024/5/24 12:08:04 Analyzing File: C:\VR_files\experiment\UnityCodeSmellAnalyzer-main\UnityCodeSmellAnalyzer-main\Examples\PoorlyDesignedGame\Assets\ExampleGame\Profabs.meta
2024/5/24 12:08:04 Data Extracted!
2024/5/24 12:08:04 Saving Results...
2024/5/24 12:08:04 Saving File: 02ae4ce9fdeda8b418b8e05be1328700.json
2024/5/24 12:08:04 Done!!
2024/5/24 12:08:04 Analyzing File: C:\VR_files\experiment\UnityCodeSmellAnalyzer-main\UnityCodeSmellAnalyzer-main\Examples\PoorlyDesignedGame\Assets\ExampleGame\Scenes.meta
2024/5/24 12:08:04 Data Extracted!
2024/5/24 12:08:04 Saving Results...
2024/5/24 12:08:04 Saving File: 73fbe6f21687b0a4bb9b69ddba4114eb.json
2024/5/24 12:08:04 Done!!
2024/5/24 12:08:04 Analyzing File: C:\VR_files\experiment\UnityCodeSmellAnalyzer-main\UnityCodeSmellAnalyzer-main\Examples\PoorlyDesignedGame\Assets\ExampleGame\Scripts.meta
2024/5/24 12:08:04 Data Extracted!
2024/5/24 12:08:04 Saving Results...
2024/5/24 12:08:04 Saving File: cfc284d4ce15fbb48934c94e8cdc79b4.json
2024/5/24 12:08:04 Done!!
2024/5/24 12:08:04 Analyzing File: C:\VR_files\experiment\UnityCodeSmellAnalyzer-main\UnityCodeSmellAnalyzer-main\Examples\PoorlyDesignedGame\Assets\ExampleGame\Scripts\CheckLight.cs.meta
2024/5/24 12:08:04 Data Extracted!
2024/5/24 12:08:04 Saving Results...
2024/5/24 12:08:04 Saving File: fd56e627d4036bc49b9951658757c57b.json
2024/5/24 12:08:04 Done!!
2024/5/24 12:08:04 Analyzing File: C:\VR_files\experiment\UnityCodeSmellAnalyzer-main\UnityCodeSmellAnalyzer-main\Examples\PoorlyDesignedGame\Assets\ExampleGame\Scripts\RotateCube.cs.meta
2024/5/24 12:08:04 Data Extracted!
2024/5/24 12:08:04 Saving Results...
2024/5/24 12:08:04 Saving File: 01bc0201e6a3c4d47a73c0f6eebf078d.json
2024/5/24 12:08:04 Done!!
2024/5/24 12:08:04 Done!!
2024/5/24 12:08:04 Done!
