8/23/2024 11:28:07 PM Loading extensions...
8/23/2024 11:28:07 PM Searching MetaData file inside project folder...
8/23/2024 11:28:07 PM Searching main file...
8/23/2024 11:28:07 PM Done!
8/23/2024 11:28:07 PM Searching meta file...
8/23/2024 11:28:07 PM Done!
8/23/2024 11:28:07 PM Done!
8/23/2024 11:28:07 PM Done!
8/23/2024 11:28:07 PM Creating Result Directories
8/23/2024 11:28:07 PM Start analisys...
8/23/2024 11:28:07 PM Analyzing Main MetaData...
8/23/2024 11:28:07 PM Saving Results...
8/23/2024 11:28:07 PM Saving File: ProjectInfo.json
8/23/2024 11:28:07 PM Done!!
8/23/2024 11:28:07 PM Analyzing File: D:\Bug_injection_project\HandPosing_Demo-master\Assets\3D\FBX\CrownMat.mat
8/23/2024 11:28:07 PM Data Extracted!
8/23/2024 11:28:07 PM Saving Results...
8/23/2024 11:28:07 PM Saving File: 5c775c419c5b02d41a324bda3fa9d70e.json
8/23/2024 11:28:07 PM Done!!
8/23/2024 11:28:07 PM Analyzing File: D:\Bug_injection_project\HandPosing_Demo-master\Assets\3D\FBX\Materials\Book1.mat
8/23/2024 11:28:07 PM Data Extracted!
8/23/2024 11:28:07 PM Saving Results...
8/23/2024 11:28:07 PM Saving File: 7e7ba6066922a714a8c2a51fa9272776.json
8/23/2024 11:28:07 PM Done!!
8/23/2024 11:28:07 PM Analyzing File: D:\Bug_injection_project\HandPosing_Demo-master\Assets\3D\FBX\Materials\BottleGlassMat.mat
8/23/2024 11:28:07 PM Data Extracted!
8/23/2024 11:28:07 PM Saving Results...
8/23/2024 11:28:07 PM Saving File: cec2255ab2e23a04ca89c8464bde3e29.json
8/23/2024 11:28:07 PM Done!!
8/23/2024 11:28:07 PM Analyzing File: D:\Bug_injection_project\HandPosing_Demo-master\Assets\3D\FBX\Materials\CandleFlameMat.mat
8/23/2024 11:28:07 PM Data Extracted!
8/23/2024 11:28:07 PM Saving Results...
8/23/2024 11:28:07 PM Saving File: 03501be6920623a47b5bdb04360329f8.json
8/23/2024 11:28:07 PM Done!!
8/23/2024 11:28:07 PM Analyzing File: D:\Bug_injection_project\HandPosing_Demo-master\Assets\3D\FBX\Materials\CandleWaxMat.mat
8/23/2024 11:28:07 PM Data Extracted!
8/23/2024 11:28:07 PM Saving Results...
8/23/2024 11:28:07 PM Saving File: 3490ff5661028354a8906d2cddaae493.json
8/23/2024 11:28:07 PM Done!!
8/23/2024 11:28:07 PM Analyzing File: D:\Bug_injection_project\HandPosing_Demo-master\Assets\3D\FBX\Materials\ChestMat.mat
8/23/2024 11:28:07 PM Data Extracted!
8/23/2024 11:28:07 PM Saving Results...
8/23/2024 11:28:07 PM Saving File: 9a7a6c0fcbde8bd408b5c5adaaa8700f.json
8/23/2024 11:28:07 PM Done!!
8/23/2024 11:28:07 PM Analyzing File: D:\Bug_injection_project\HandPosing_Demo-master\Assets\3D\FBX\Materials\CoinMat.mat
8/23/2024 11:28:07 PM Data Extracted!
8/23/2024 11:28:07 PM Saving Results...
8/23/2024 11:28:07 PM Saving File: 00f0306dcfb695b409b63b57467ff24b.json
8/23/2024 11:28:07 PM Done!!
8/23/2024 11:28:07 PM Analyzing File: D:\Bug_injection_project\HandPosing_Demo-master\Assets\3D\FBX\Materials\DeckMat.mat
8/23/2024 11:28:07 PM Data Extracted!
8/23/2024 11:28:07 PM Saving Results...
8/23/2024 11:28:07 PM Saving File: ccd836cce101ea3429ef0ebdbf8859e2.json
8/23/2024 11:28:07 PM Done!!
8/23/2024 11:28:07 PM Analyzing File: D:\Bug_injection_project\HandPosing_Demo-master\Assets\3D\FBX\Materials\Door_GlassMat.mat
8/23/2024 11:28:07 PM Data Extracted!
8/23/2024 11:28:07 PM Saving Results...
8/23/2024 11:28:07 PM Saving File: 014eb6d5909665a4fbae83cf7d4d24cb.json
8/23/2024 11:28:07 PM Done!!
8/23/2024 11:28:07 PM Analyzing File: D:\Bug_injection_project\HandPosing_Demo-master\Assets\3D\FBX\Materials\Door_LedMat.mat
8/23/2024 11:28:07 PM Data Extracted!
8/23/2024 11:28:07 PM Saving Results...
8/23/2024 11:28:07 PM Saving File: f23d229cf3f25e5499d24333c04540dc.json
8/23/2024 11:28:07 PM Done!!
8/23/2024 11:28:07 PM Analyzing File: D:\Bug_injection_project\HandPosing_Demo-master\Assets\3D\FBX\Materials\Door_WoodTileMat.mat
8/23/2024 11:28:07 PM Data Extracted!
8/23/2024 11:28:07 PM Saving Results...
8/23/2024 11:28:07 PM Saving File: 31d2958d42ce3cc40bfb25d1e7768230.json
8/23/2024 11:28:07 PM Done!!
8/23/2024 11:28:07 PM Analyzing File: D:\Bug_injection_project\HandPosing_Demo-master\Assets\3D\FBX\Materials\FloorBoardsMat.mat
8/23/2024 11:28:07 PM Data Extracted!
8/23/2024 11:28:07 PM Saving Results...
8/23/2024 11:28:07 PM Saving File: eaa3c05a939ed304c9c8e124a0ebe251.json
8/23/2024 11:28:07 PM Done!!
8/23/2024 11:28:07 PM Analyzing File: D:\Bug_injection_project\HandPosing_Demo-master\Assets\3D\FBX\Materials\GlassMat.mat
8/23/2024 11:28:07 PM Data Extracted!
8/23/2024 11:28:07 PM Saving Results...
8/23/2024 11:28:07 PM Saving File: fd5138c9ae50fd144b93d25463d70bd3.json
8/23/2024 11:28:07 PM Done!!
8/23/2024 11:28:07 PM Analyzing File: D:\Bug_injection_project\HandPosing_Demo-master\Assets\3D\FBX\Materials\lambert1.mat
8/23/2024 11:28:07 PM Data Extracted!
8/23/2024 11:28:07 PM Saving Results...
8/23/2024 11:28:07 PM Saving File: 163e3fb8562e4a9428f9e7506a0f1029.json
8/23/2024 11:28:07 PM Done!!
8/23/2024 11:28:07 PM Analyzing File: D:\Bug_injection_project\HandPosing_Demo-master\Assets\3D\FBX\Materials\LedMat.mat
8/23/2024 11:28:07 PM Data Extracted!
8/23/2024 11:28:07 PM Saving Results...
8/23/2024 11:28:07 PM Saving File: b19cd3bf88a480049b9622b429a33153.json
8/23/2024 11:28:07 PM Done!!
8/23/2024 11:28:07 PM Analyzing File: D:\Bug_injection_project\HandPosing_Demo-master\Assets\3D\FBX\Materials\LightBlockerMat.mat
8/23/2024 11:28:07 PM Data Extracted!
8/23/2024 11:28:07 PM Saving Results...
8/23/2024 11:28:07 PM Saving File: fb5f0f4ff952b7a4da9a744dc6fab66f.json
8/23/2024 11:28:07 PM Done!!
8/23/2024 11:28:07 PM Analyzing File: D:\Bug_injection_project\HandPosing_Demo-master\Assets\3D\FBX\Materials\MessageBottleMat.mat
8/23/2024 11:28:07 PM Data Extracted!
8/23/2024 11:28:07 PM Saving Results...
8/23/2024 11:28:07 PM Saving File: 745c11b6bf86f9647858589b7fbdc95e.json
8/23/2024 11:28:07 PM Done!!
8/23/2024 11:28:07 PM Analyzing File: D:\Bug_injection_project\HandPosing_Demo-master\Assets\3D\FBX\Materials\PaperMat.mat
8/23/2024 11:28:07 PM Data Extracted!
8/23/2024 11:28:07 PM Saving Results...
8/23/2024 11:28:07 PM Saving File: a192ce679cb06f5499cd8436640a5e83.json
8/23/2024 11:28:07 PM Done!!
8/23/2024 11:28:07 PM Analyzing File: D:\Bug_injection_project\HandPosing_Demo-master\Assets\3D\FBX\Materials\PaperMatLightmapped.mat
8/23/2024 11:28:07 PM Data Extracted!
8/23/2024 11:28:07 PM Saving Results...
8/23/2024 11:28:07 PM Saving File: 70da47bcdd0316e4f80314dec7e893f1.json
8/23/2024 11:28:07 PM Done!!
8/23/2024 11:28:07 PM Analyzing File: D:\Bug_injection_project\HandPosing_Demo-master\Assets\3D\FBX\Materials\PlasterMat.mat
8/23/2024 11:28:07 PM Data Extracted!
8/23/2024 11:28:07 PM Saving Results...
8/23/2024 11:28:07 PM Saving File: d670e3670c26f4a449c93b8a52bda639.json
8/23/2024 11:28:07 PM Done!!
8/23/2024 11:28:07 PM Analyzing File: D:\Bug_injection_project\HandPosing_Demo-master\Assets\3D\FBX\Materials\RopeMat.mat
8/23/2024 11:28:07 PM Data Extracted!
8/23/2024 11:28:07 PM Saving Results...
8/23/2024 11:28:07 PM Saving File: e0babeead548f284d996fd0643865003.json
8/23/2024 11:28:07 PM Done!!
8/23/2024 11:28:07 PM Analyzing File: D:\Bug_injection_project\HandPosing_Demo-master\Assets\3D\FBX\Materials\SailsMat.mat
8/23/2024 11:28:07 PM Data Extracted!
8/23/2024 11:28:07 PM Saving Results...
8/23/2024 11:28:07 PM Saving File: ea07d9f8c5747fb47844b7435178721a.json
8/23/2024 11:28:07 PM Done!!
8/23/2024 11:28:07 PM Analyzing File: D:\Bug_injection_project\HandPosing_Demo-master\Assets\3D\FBX\Materials\ScrollMat.mat
8/23/2024 11:28:07 PM Data Extracted!
8/23/2024 11:28:07 PM Saving Results...
8/23/2024 11:28:07 PM Saving File: 2a57144a0de7e2a46bcfe042025c50c9.json
8/23/2024 11:28:07 PM Done!!
8/23/2024 11:28:07 PM Analyzing File: D:\Bug_injection_project\HandPosing_Demo-master\Assets\3D\FBX\Materials\SextantMat.mat
8/23/2024 11:28:07 PM Data Extracted!
8/23/2024 11:28:07 PM Saving Results...
8/23/2024 11:28:07 PM Saving File: 1efcc2c479bbe5f4d8c87409ec90fc03.json
8/23/2024 11:28:07 PM Done!!
8/23/2024 11:28:07 PM Analyzing File: D:\Bug_injection_project\HandPosing_Demo-master\Assets\3D\FBX\Materials\ShipsWheelMat.mat
8/23/2024 11:28:07 PM Data Extracted!
8/23/2024 11:28:07 PM Saving Results...
8/23/2024 11:28:07 PM Saving File: 5e2c7025cba012c4ead601190bcd2b38.json
8/23/2024 11:28:07 PM Done!!
8/23/2024 11:28:07 PM Analyzing File: D:\Bug_injection_project\HandPosing_Demo-master\Assets\3D\FBX\Materials\SideTableMat.mat
8/23/2024 11:28:07 PM Data Extracted!
8/23/2024 11:28:07 PM Saving Results...
8/23/2024 11:28:07 PM Saving File: 35c861894e639e24b99d58cb0fffd5d3.json
8/23/2024 11:28:07 PM Done!!
8/23/2024 11:28:07 PM Analyzing File: D:\Bug_injection_project\HandPosing_Demo-master\Assets\3D\FBX\Materials\SwordMat.mat
8/23/2024 11:28:07 PM Data Extracted!
8/23/2024 11:28:07 PM Saving Results...
8/23/2024 11:28:07 PM Saving File: 27896306e1b02014895ffad4aa79d560.json
8/23/2024 11:28:07 PM Done!!
8/23/2024 11:28:07 PM Analyzing File: D:\Bug_injection_project\HandPosing_Demo-master\Assets\3D\FBX\Materials\TableMat.mat
8/23/2024 11:28:07 PM Data Extracted!
8/23/2024 11:28:07 PM Saving Results...
8/23/2024 11:28:07 PM Saving File: 7518b17eef3195748a71d9b65c8e776f.json
8/23/2024 11:28:07 PM Done!!
8/23/2024 11:28:07 PM Analyzing File: D:\Bug_injection_project\HandPosing_Demo-master\Assets\3D\FBX\Materials\TeaSetMat.mat
8/23/2024 11:28:07 PM Data Extracted!
8/23/2024 11:28:07 PM Saving Results...
8/23/2024 11:28:07 PM Saving File: 5cc3c14c0ca7d0d41a33b859166fe31c.json
8/23/2024 11:28:07 PM Done!!
8/23/2024 11:28:07 PM Analyzing File: D:\Bug_injection_project\HandPosing_Demo-master\Assets\3D\FBX\Materials\TentacleMat.mat
8/23/2024 11:28:07 PM Data Extracted!
8/23/2024 11:28:07 PM Saving Results...
8/23/2024 11:28:07 PM Saving File: 1fe23bb01c5a6254db8d52228f11d5e0.json
8/23/2024 11:28:07 PM Done!!
8/23/2024 11:28:07 PM Analyzing File: D:\Bug_injection_project\HandPosing_Demo-master\Assets\3D\FBX\Materials\TrapDoorInsideMat.mat
8/23/2024 11:28:07 PM Data Extracted!
8/23/2024 11:28:07 PM Saving Results...
8/23/2024 11:28:07 PM Saving File: 82988baaec30945429e1c109a62a5adb.json
8/23/2024 11:28:07 PM Done!!
8/23/2024 11:28:07 PM Analyzing File: D:\Bug_injection_project\HandPosing_Demo-master\Assets\3D\FBX\Materials\TrapDoor_TentacleMat.mat
8/23/2024 11:28:07 PM Data Extracted!
8/23/2024 11:28:07 PM Saving Results...
8/23/2024 11:28:07 PM Saving File: a5c286f7ed51d8040bbbc5d30887d695.json
8/23/2024 11:28:07 PM Done!!
8/23/2024 11:28:07 PM Analyzing File: D:\Bug_injection_project\HandPosing_Demo-master\Assets\3D\FBX\Materials\WaterMat.mat
8/23/2024 11:28:07 PM Data Extracted!
8/23/2024 11:28:07 PM Saving Results...
8/23/2024 11:28:07 PM Saving File: 531e20591433c9b4084ef0f2e4b92dd7.json
8/23/2024 11:28:07 PM Done!!
8/23/2024 11:28:07 PM Analyzing File: D:\Bug_injection_project\HandPosing_Demo-master\Assets\3D\FBX\Materials\WoodAndPlasterMat.mat
8/23/2024 11:28:07 PM Data Extracted!
8/23/2024 11:28:07 PM Saving Results...
8/23/2024 11:28:07 PM Saving File: 1f5e8896da6a75c4da9665af3eb68c27.json
8/23/2024 11:28:07 PM Done!!
8/23/2024 11:28:07 PM Analyzing File: D:\Bug_injection_project\HandPosing_Demo-master\Assets\3D\FBX\Materials\WoodenFloor.mat
8/23/2024 11:28:07 PM Data Extracted!
8/23/2024 11:28:07 PM Saving Results...
8/23/2024 11:28:07 PM Saving File: 0cccfb87fed80474990e87a7b899e196.json
8/23/2024 11:28:07 PM Done!!
8/23/2024 11:28:07 PM Analyzing File: D:\Bug_injection_project\HandPosing_Demo-master\Assets\3D\FBX\Materials\WoodTileAltMat.mat
8/23/2024 11:28:07 PM Data Extracted!
8/23/2024 11:28:07 PM Saving Results...
8/23/2024 11:28:07 PM Saving File: 1a18bdecec18f284e85d91d9d8670dad.json
8/23/2024 11:28:07 PM Done!!
8/23/2024 11:28:07 PM Analyzing File: D:\Bug_injection_project\HandPosing_Demo-master\Assets\3D\FBX\Materials\WoodTileMat.mat
8/23/2024 11:28:07 PM Data Extracted!
8/23/2024 11:28:07 PM Saving Results...
8/23/2024 11:28:07 PM Saving File: 3b5db84f2f968914292fdde7bff5c446.json
8/23/2024 11:28:07 PM Done!!
8/23/2024 11:28:07 PM Analyzing File: D:\Bug_injection_project\HandPosing_Demo-master\Assets\3D\Prefabs\Book_Fat Variant.prefab
8/23/2024 11:28:07 PM Data Extracted!
8/23/2024 11:28:07 PM Saving Results...
8/23/2024 11:28:07 PM Saving File: d6c3da65690413e44a0fb75a123baca5.json
8/23/2024 11:28:07 PM Done!!
8/23/2024 11:28:07 PM Analyzing File: D:\Bug_injection_project\HandPosing_Demo-master\Assets\3D\Prefabs\Book_Regular Variant.prefab
8/23/2024 11:28:07 PM Data Extracted!
8/23/2024 11:28:07 PM Saving Results...
8/23/2024 11:28:07 PM Saving File: afc0c21d9081486499739344454abcbd.json
8/23/2024 11:28:07 PM Done!!
8/23/2024 11:28:07 PM Analyzing File: D:\Bug_injection_project\HandPosing_Demo-master\Assets\3D\Prefabs\Book_Tall Variant.prefab
8/23/2024 11:28:07 PM Data Extracted!
8/23/2024 11:28:07 PM Saving Results...
8/23/2024 11:28:07 PM Saving File: 72f3e55f4ff42934b804f66c31812ed0.json
8/23/2024 11:28:07 PM Done!!
8/23/2024 11:28:07 PM Analyzing File: D:\Bug_injection_project\HandPosing_Demo-master\Assets\3D\Prefabs\Book_Thin Variant.prefab
8/23/2024 11:28:07 PM Data Extracted!
8/23/2024 11:28:07 PM Saving Results...
8/23/2024 11:28:07 PM Saving File: febd4292d50eddc46b18d94da28d68b9.json
8/23/2024 11:28:07 PM Done!!
8/23/2024 11:28:07 PM Analyzing File: D:\Bug_injection_project\HandPosing_Demo-master\Assets\3D\Prefabs\Bottle Variant.prefab
8/23/2024 11:28:07 PM Data Extracted!
8/23/2024 11:28:07 PM Saving Results...
8/23/2024 11:28:07 PM Saving File: 71ba9f29d6ef7af4082a556b559a9648.json
8/23/2024 11:28:07 PM Done!!
8/23/2024 11:28:07 PM Analyzing File: D:\Bug_injection_project\HandPosing_Demo-master\Assets\3D\Prefabs\Candle Variant.prefab
8/23/2024 11:28:07 PM Data Extracted!
8/23/2024 11:28:07 PM Saving Results...
8/23/2024 11:28:07 PM Saving File: cdd006e190454ed4580962d1cf2aee15.json
8/23/2024 11:28:07 PM Done!!
8/23/2024 11:28:07 PM Analyzing File: D:\Bug_injection_project\HandPosing_Demo-master\Assets\3D\Prefabs\Cannon Variant.prefab
8/23/2024 11:28:07 PM Data Extracted!
8/23/2024 11:28:07 PM Saving Results...
8/23/2024 11:28:07 PM Saving File: 00b893af08c84c64ca62567b26873405.json
8/23/2024 11:28:07 PM Done!!
8/23/2024 11:28:07 PM Analyzing File: D:\Bug_injection_project\HandPosing_Demo-master\Assets\3D\Prefabs\CannonBall Variant.prefab
8/23/2024 11:28:07 PM Data Extracted!
8/23/2024 11:28:07 PM Saving Results...
8/23/2024 11:28:07 PM Saving File: 66ef97df36be0bc45b7dd4989275e752.json
8/23/2024 11:28:07 PM Done!!
8/23/2024 11:28:07 PM Analyzing File: D:\Bug_injection_project\HandPosing_Demo-master\Assets\3D\Prefabs\Chest Variant.prefab
8/23/2024 11:28:07 PM Data Extracted!
8/23/2024 11:28:07 PM Saving Results...
8/23/2024 11:28:07 PM Saving File: 6108abf59b5d4a245aaf154509c6113b.json
8/23/2024 11:28:07 PM Done!!
8/23/2024 11:28:07 PM Analyzing File: D:\Bug_injection_project\HandPosing_Demo-master\Assets\3D\Prefabs\Coin Variant.prefab
8/23/2024 11:28:07 PM Data Extracted!
8/23/2024 11:28:07 PM Saving Results...
8/23/2024 11:28:07 PM Saving File: c271fa9d6af53164295c542e512d825a.json
8/23/2024 11:28:07 PM Done!!
8/23/2024 11:28:07 PM Analyzing File: D:\Bug_injection_project\HandPosing_Demo-master\Assets\3D\Prefabs\Cork Variant.prefab
8/23/2024 11:28:07 PM Data Extracted!
8/23/2024 11:28:07 PM Saving Results...
8/23/2024 11:28:07 PM Saving File: ab58b6335c38ff04aba4ddd645a580bc.json
8/23/2024 11:28:07 PM Done!!
8/23/2024 11:28:07 PM Analyzing File: D:\Bug_injection_project\HandPosing_Demo-master\Assets\3D\Prefabs\Crown Variant.prefab
8/23/2024 11:28:07 PM Data Extracted!
8/23/2024 11:28:07 PM Saving Results...
8/23/2024 11:28:07 PM Saving File: 63cd337b7332cdd4588a08139458a6db.json
8/23/2024 11:28:07 PM Done!!
8/23/2024 11:28:07 PM Analyzing File: D:\Bug_injection_project\HandPosing_Demo-master\Assets\3D\Prefabs\Door Variant.prefab
8/23/2024 11:28:07 PM Data Extracted!
8/23/2024 11:28:07 PM Saving Results...
8/23/2024 11:28:07 PM Saving File: ec6f4a39fbd23774cbbf70f03fec6e72.json
8/23/2024 11:28:07 PM Done!!
8/23/2024 11:28:07 PM Analyzing File: D:\Bug_injection_project\HandPosing_Demo-master\Assets\3D\Prefabs\FuseLighter Variant.prefab
8/23/2024 11:28:07 PM Data Extracted!
8/23/2024 11:28:07 PM Saving Results...
8/23/2024 11:28:07 PM Saving File: 85300fbd838de2d4bab96c44067ffa7f.json
8/23/2024 11:28:07 PM Done!!
8/23/2024 11:28:07 PM Analyzing File: D:\Bug_injection_project\HandPosing_Demo-master\Assets\3D\Prefabs\Key Variant.prefab
8/23/2024 11:28:07 PM Data Extracted!
8/23/2024 11:28:07 PM Saving Results...
8/23/2024 11:28:07 PM Saving File: 7ce96bff8a320b74cad7973fd3989164.json
8/23/2024 11:28:07 PM Done!!
8/23/2024 11:28:07 PM Analyzing File: D:\Bug_injection_project\HandPosing_Demo-master\Assets\3D\Prefabs\Lever Variant.prefab
8/23/2024 11:28:07 PM Data Extracted!
8/23/2024 11:28:07 PM Saving Results...
8/23/2024 11:28:07 PM Saving File: b68ca70f72774aa43b7eb4b7e6ea3a68.json
8/23/2024 11:28:07 PM Done!!
8/23/2024 11:28:07 PM Analyzing File: D:\Bug_injection_project\HandPosing_Demo-master\Assets\3D\Prefabs\Message Variant.prefab
8/23/2024 11:28:07 PM Data Extracted!
8/23/2024 11:28:07 PM Saving Results...
8/23/2024 11:28:07 PM Saving File: 7a9c8eb00b3305f40808a164b227ad11.json
8/23/2024 11:28:07 PM Done!!
8/23/2024 11:28:07 PM Analyzing File: D:\Bug_injection_project\HandPosing_Demo-master\Assets\3D\Prefabs\Sextant Variant.prefab
8/23/2024 11:28:07 PM Data Extracted!
8/23/2024 11:28:07 PM Saving Results...
8/23/2024 11:28:07 PM Saving File: 063df731a117b9946a45b6cc6625a7d7.json
8/23/2024 11:28:07 PM Done!!
8/23/2024 11:28:07 PM Analyzing File: D:\Bug_injection_project\HandPosing_Demo-master\Assets\3D\Prefabs\ShipsWheel Variant.prefab
8/23/2024 11:28:07 PM Data Extracted!
8/23/2024 11:28:07 PM Saving Results...
8/23/2024 11:28:07 PM Saving File: 82815a22eccde64459e89f689b4511e5.json
8/23/2024 11:28:07 PM Done!!
8/23/2024 11:28:07 PM Analyzing File: D:\Bug_injection_project\HandPosing_Demo-master\Assets\3D\Prefabs\SideTableDraw Variant.prefab
8/23/2024 11:28:07 PM Data Extracted!
8/23/2024 11:28:07 PM Saving Results...
8/23/2024 11:28:07 PM Saving File: 69445d0c670ba42419ab51b8440e8ddf.json
8/23/2024 11:28:07 PM Done!!
8/23/2024 11:28:07 PM Analyzing File: D:\Bug_injection_project\HandPosing_Demo-master\Assets\3D\Prefabs\Stand Variant.prefab
8/23/2024 11:28:07 PM Data Extracted!
8/23/2024 11:28:07 PM Saving Results...
8/23/2024 11:28:07 PM Saving File: 8700fd7e96a5db341b9bc37e94ca967a.json
8/23/2024 11:28:07 PM Done!!
8/23/2024 11:28:07 PM Analyzing File: D:\Bug_injection_project\HandPosing_Demo-master\Assets\3D\Prefabs\Sword Variant.prefab
8/23/2024 11:28:07 PM Data Extracted!
8/23/2024 11:28:07 PM Saving Results...
8/23/2024 11:28:07 PM Saving File: e6af03148685e28468fbe01e4f6744ee.json
8/23/2024 11:28:07 PM Done!!
8/23/2024 11:28:07 PM Analyzing File: D:\Bug_injection_project\HandPosing_Demo-master\Assets\3D\Prefabs\SwordMount Variant.prefab
8/23/2024 11:28:07 PM Data Extracted!
8/23/2024 11:28:07 PM Saving Results...
8/23/2024 11:28:07 PM Saving File: e5c012ced26708240995591cb2d0bda8.json
8/23/2024 11:28:07 PM Done!!
8/23/2024 11:28:07 PM Analyzing File: D:\Bug_injection_project\HandPosing_Demo-master\Assets\3D\Prefabs\TeaCup Variant.prefab
8/23/2024 11:28:07 PM Data Extracted!
8/23/2024 11:28:07 PM Saving Results...
8/23/2024 11:28:07 PM Saving File: 71f3a529366cf2940b0c2f60476685dd.json
8/23/2024 11:28:07 PM Done!!
8/23/2024 11:28:07 PM Analyzing File: D:\Bug_injection_project\HandPosing_Demo-master\Assets\3D\Prefabs\TeaPot Variant.prefab
8/23/2024 11:28:07 PM Data Extracted!
8/23/2024 11:28:07 PM Saving Results...
8/23/2024 11:28:07 PM Saving File: a10b6320b17725243925c5dc3e9c7cbc.json
8/23/2024 11:28:07 PM Done!!
8/23/2024 11:28:07 PM Analyzing File: D:\Bug_injection_project\HandPosing_Demo-master\Assets\3D\Prefabs\TeaPotLid Variant.prefab
8/23/2024 11:28:07 PM Data Extracted!
8/23/2024 11:28:07 PM Saving Results...
8/23/2024 11:28:07 PM Saving File: 694951ca1875ae7459e1a8b9f042c2da.json
8/23/2024 11:28:07 PM Done!!
8/23/2024 11:28:07 PM Analyzing File: D:\Bug_injection_project\HandPosing_Demo-master\Assets\3D\Prefabs\TrapDoor Variant.prefab
8/23/2024 11:28:07 PM Data Extracted!
8/23/2024 11:28:07 PM Saving Results...
8/23/2024 11:28:07 PM Saving File: 10cb8a265a0a33b4d889f922ac8e7ee3.json
8/23/2024 11:28:07 PM Done!!
8/23/2024 11:28:07 PM Analyzing File: D:\Bug_injection_project\HandPosing_Demo-master\Assets\3D\Staff\StaffRing.mat
8/23/2024 11:28:07 PM Data Extracted!
8/23/2024 11:28:07 PM Saving Results...
8/23/2024 11:28:07 PM Saving File: d6af6b44ce5c34443b681e51bd45f11e.json
8/23/2024 11:28:07 PM Done!!
8/23/2024 11:28:07 PM Analyzing File: D:\Bug_injection_project\HandPosing_Demo-master\Assets\3D\Staff\VoodooStaffMat.mat
8/23/2024 11:28:07 PM Data Extracted!
8/23/2024 11:28:07 PM Saving Results...
8/23/2024 11:28:07 PM Saving File: 63b8546a909f98a4183901dc8780a690.json
8/23/2024 11:28:08 PM Done!!
8/23/2024 11:28:08 PM Analyzing File: D:\Bug_injection_project\HandPosing_Demo-master\Assets\3D\Staff\WalkingStaff.prefab
8/23/2024 11:28:08 PM Data Extracted!
8/23/2024 11:28:08 PM Saving Results...
8/23/2024 11:28:08 PM Saving File: 7b8c060b61ac4714088e92a5a75a3658.json
8/23/2024 11:28:08 PM Done!!
8/23/2024 11:28:08 PM Analyzing File: D:\Bug_injection_project\HandPosing_Demo-master\Assets\3D\Textures\Gloves\pirate_glove.mat
8/23/2024 11:28:08 PM Data Extracted!
8/23/2024 11:28:08 PM Saving Results...
8/23/2024 11:28:08 PM Saving File: 38ee95f9b621c4d48a96a9b22515af54.json
8/23/2024 11:28:08 PM Done!!
8/23/2024 11:28:08 PM Done!
8/23/2024 11:28:08 PM Analyzing Meta files...
8/23/2024 11:28:08 PM Analyzing File: D:\Bug_injection_project\HandPosing_Demo-master\Assets\3D\FBX.meta
8/23/2024 11:28:08 PM Data Extracted!
8/23/2024 11:28:08 PM Saving Results...
8/23/2024 11:28:08 PM Saving File: 1f18406a1f2641044994cdc33cdf4686.json
8/23/2024 11:28:08 PM Done!!
8/23/2024 11:28:08 PM Analyzing File: D:\Bug_injection_project\HandPosing_Demo-master\Assets\3D\Prefabs.meta
8/23/2024 11:28:08 PM Data Extracted!
8/23/2024 11:28:08 PM Saving Results...
8/23/2024 11:28:08 PM Saving File: c25666170e0477d41aaa2dea67f1b32c.json
8/23/2024 11:28:08 PM Done!!
8/23/2024 11:28:08 PM Analyzing File: D:\Bug_injection_project\HandPosing_Demo-master\Assets\3D\Staff.meta
8/23/2024 11:28:08 PM Data Extracted!
8/23/2024 11:28:08 PM Saving Results...
8/23/2024 11:28:08 PM Saving File: c26beb0b973a9d24ebfd40f4e7913952.json
8/23/2024 11:28:08 PM Done!!
8/23/2024 11:28:08 PM Analyzing File: D:\Bug_injection_project\HandPosing_Demo-master\Assets\3D\Textures.meta
8/23/2024 11:28:08 PM Data Extracted!
8/23/2024 11:28:08 PM Saving Results...
8/23/2024 11:28:08 PM Saving File: 6403ac637ca9d8e4f86f38aa392e97c5.json
8/23/2024 11:28:08 PM Done!!
8/23/2024 11:28:08 PM Analyzing File: D:\Bug_injection_project\HandPosing_Demo-master\Assets\3D\Timelines.meta
8/23/2024 11:28:08 PM Data Extracted!
8/23/2024 11:28:08 PM Saving Results...
8/23/2024 11:28:08 PM Saving File: 41b69be42a8fb8d49a43e4a48bfe7ceb.json
8/23/2024 11:28:08 PM Done!!
8/23/2024 11:28:08 PM Analyzing File: D:\Bug_injection_project\HandPosing_Demo-master\Assets\3D\FBX\Book_Fat.fbx.meta
8/23/2024 11:28:08 PM Data Extracted!
8/23/2024 11:28:08 PM Saving Results...
8/23/2024 11:28:08 PM Saving File: e2f27c5e65a480c48b800004896a6301.json
8/23/2024 11:28:08 PM Done!!
8/23/2024 11:28:08 PM Analyzing File: D:\Bug_injection_project\HandPosing_Demo-master\Assets\3D\FBX\Book_Regular.fbx.meta
8/23/2024 11:28:08 PM Data Extracted!
8/23/2024 11:28:08 PM Saving Results...
8/23/2024 11:28:08 PM Saving File: 4f723008d8a47974d98dee8337c527b4.json
8/23/2024 11:28:08 PM Done!!
8/23/2024 11:28:08 PM Analyzing File: D:\Bug_injection_project\HandPosing_Demo-master\Assets\3D\FBX\Book_Tall.fbx.meta
8/23/2024 11:28:08 PM Data Extracted!
8/23/2024 11:28:08 PM Saving Results...
8/23/2024 11:28:08 PM Saving File: 0666aafce2061ee4aba1166c8adc669e.json
8/23/2024 11:28:08 PM Done!!
8/23/2024 11:28:08 PM Analyzing File: D:\Bug_injection_project\HandPosing_Demo-master\Assets\3D\FBX\Book_Thin.fbx.meta
8/23/2024 11:28:08 PM Data Extracted!
8/23/2024 11:28:08 PM Saving Results...
8/23/2024 11:28:08 PM Saving File: c5d66e50975d1ad45b1fcbeff7019e88.json
8/23/2024 11:28:08 PM Done!!
8/23/2024 11:28:08 PM Analyzing File: D:\Bug_injection_project\HandPosing_Demo-master\Assets\3D\FBX\Bottle.fbx.meta
8/23/2024 11:28:08 PM Data Extracted!
8/23/2024 11:28:08 PM Saving Results...
8/23/2024 11:28:08 PM Saving File: afdf382598093b641887917a146c40fe.json
8/23/2024 11:28:08 PM Done!!
8/23/2024 11:28:08 PM Analyzing File: D:\Bug_injection_project\HandPosing_Demo-master\Assets\3D\FBX\Candle.fbx.meta
8/23/2024 11:28:08 PM Data Extracted!
8/23/2024 11:28:08 PM Saving Results...
8/23/2024 11:28:08 PM Saving File: 71ed961401bceaa499dbe4f609e48700.json
8/23/2024 11:28:08 PM Done!!
8/23/2024 11:28:08 PM Analyzing File: D:\Bug_injection_project\HandPosing_Demo-master\Assets\3D\FBX\Cannon.fbx.meta
8/23/2024 11:28:08 PM Data Extracted!
8/23/2024 11:28:08 PM Saving Results...
8/23/2024 11:28:08 PM Saving File: 76ff16eb88eff5f40b48bf19b6073c88.json
8/23/2024 11:28:08 PM Done!!
8/23/2024 11:28:08 PM Analyzing File: D:\Bug_injection_project\HandPosing_Demo-master\Assets\3D\FBX\CannonBall.fbx.meta
8/23/2024 11:28:08 PM Data Extracted!
8/23/2024 11:28:08 PM Saving Results...
8/23/2024 11:28:08 PM Saving File: 0d7935ad62660f24a9c4a31a8d0a67f6.json
8/23/2024 11:28:08 PM Done!!
8/23/2024 11:28:08 PM Analyzing File: D:\Bug_injection_project\HandPosing_Demo-master\Assets\3D\FBX\Chest.fbx.meta
8/23/2024 11:28:08 PM Data Extracted!
8/23/2024 11:28:08 PM Saving Results...
8/23/2024 11:28:08 PM Saving File: 200d82559720db94cbf6e7358729df1d.json
8/23/2024 11:28:08 PM Done!!
8/23/2024 11:28:08 PM Analyzing File: D:\Bug_injection_project\HandPosing_Demo-master\Assets\3D\FBX\Coin.fbx.meta
8/23/2024 11:28:08 PM Data Extracted!
8/23/2024 11:28:08 PM Saving Results...
8/23/2024 11:28:08 PM Saving File: af2a562a006f0ca458e037db93dbfe16.json
8/23/2024 11:28:08 PM Done!!
8/23/2024 11:28:08 PM Analyzing File: D:\Bug_injection_project\HandPosing_Demo-master\Assets\3D\FBX\Cork.fbx.meta
8/23/2024 11:28:08 PM Data Extracted!
8/23/2024 11:28:08 PM Saving Results...
8/23/2024 11:28:08 PM Saving File: 8a179ac8c70af8842ba3b5fb21be2638.json
8/23/2024 11:28:08 PM Done!!
8/23/2024 11:28:08 PM Analyzing File: D:\Bug_injection_project\HandPosing_Demo-master\Assets\3D\FBX\Crown.fbx.meta
8/23/2024 11:28:08 PM Data Extracted!
8/23/2024 11:28:08 PM Saving Results...
8/23/2024 11:28:08 PM Saving File: 7b0418b2dd0a0c743b3fa97491703686.json
8/23/2024 11:28:08 PM Done!!
8/23/2024 11:28:08 PM Analyzing File: D:\Bug_injection_project\HandPosing_Demo-master\Assets\3D\FBX\Door.fbx.meta
8/23/2024 11:28:08 PM Data Extracted!
8/23/2024 11:28:08 PM Saving Results...
8/23/2024 11:28:08 PM Saving File: 97c51f9e354f4ca4a91b2f3ad72d75e3.json
8/23/2024 11:28:08 PM Done!!
8/23/2024 11:28:08 PM Analyzing File: D:\Bug_injection_project\HandPosing_Demo-master\Assets\3D\FBX\FuseLighter.fbx.meta
8/23/2024 11:28:08 PM Data Extracted!
8/23/2024 11:28:08 PM Saving Results...
8/23/2024 11:28:08 PM Saving File: 2076d1ef454c24e4d9aac733f77db0fa.json
8/23/2024 11:28:08 PM Done!!
8/23/2024 11:28:08 PM Analyzing File: D:\Bug_injection_project\HandPosing_Demo-master\Assets\3D\FBX\Key.fbx.meta
8/23/2024 11:28:08 PM Data Extracted!
8/23/2024 11:28:08 PM Saving Results...
8/23/2024 11:28:08 PM Saving File: 3a1b72d06c1cea64eaab7963ec416b8f.json
8/23/2024 11:28:08 PM Done!!
8/23/2024 11:28:08 PM Analyzing File: D:\Bug_injection_project\HandPosing_Demo-master\Assets\3D\FBX\Lever.fbx.meta
8/23/2024 11:28:08 PM Data Extracted!
8/23/2024 11:28:08 PM Saving Results...
8/23/2024 11:28:08 PM Saving File: a88aa6dd4f7ccf44ca7bca334e255dad.json
8/23/2024 11:28:08 PM Done!!
8/23/2024 11:28:08 PM Analyzing File: D:\Bug_injection_project\HandPosing_Demo-master\Assets\3D\FBX\Materials.meta
8/23/2024 11:28:08 PM Data Extracted!
8/23/2024 11:28:08 PM Saving Results...
8/23/2024 11:28:08 PM Saving File: 2fbbdc0d80e80b34db90771db08e3084.json
8/23/2024 11:28:08 PM Done!!
8/23/2024 11:28:08 PM Analyzing File: D:\Bug_injection_project\HandPosing_Demo-master\Assets\3D\FBX\Message.fbx.meta
8/23/2024 11:28:08 PM Data Extracted!
8/23/2024 11:28:08 PM Saving Results...
8/23/2024 11:28:08 PM Saving File: b7da3de702cd3b54bb13bde9c9b085f4.json
8/23/2024 11:28:08 PM Done!!
8/23/2024 11:28:08 PM Analyzing File: D:\Bug_injection_project\HandPosing_Demo-master\Assets\3D\FBX\Paper.fbx.meta
8/23/2024 11:28:08 PM Data Extracted!
8/23/2024 11:28:08 PM Saving Results...
8/23/2024 11:28:08 PM Saving File: a3b98e70e424fd14981bea3d5b052fe9.json
8/23/2024 11:28:08 PM Done!!
8/23/2024 11:28:08 PM Analyzing File: D:\Bug_injection_project\HandPosing_Demo-master\Assets\3D\FBX\PaperStatic.fbx.meta
8/23/2024 11:28:08 PM Data Extracted!
8/23/2024 11:28:08 PM Saving Results...
8/23/2024 11:28:08 PM Saving File: 45011be1368158c44bdd074e974f67f4.json
8/23/2024 11:28:08 PM Done!!
8/23/2024 11:28:08 PM Analyzing File: D:\Bug_injection_project\HandPosing_Demo-master\Assets\3D\FBX\PirateShip.fbx.meta
8/23/2024 11:28:08 PM Data Extracted!
8/23/2024 11:28:08 PM Saving Results...
8/23/2024 11:28:08 PM Saving File: f2669b7fb839f31439f907835cae3a64.json
8/23/2024 11:28:08 PM Done!!
8/23/2024 11:28:08 PM Analyzing File: D:\Bug_injection_project\HandPosing_Demo-master\Assets\3D\FBX\Sextant.fbx.meta
8/23/2024 11:28:08 PM Data Extracted!
8/23/2024 11:28:08 PM Saving Results...
8/23/2024 11:28:08 PM Saving File: 1e752e13a7e4d734a966398c3eb089b7.json
8/23/2024 11:28:08 PM Done!!
8/23/2024 11:28:08 PM Analyzing File: D:\Bug_injection_project\HandPosing_Demo-master\Assets\3D\FBX\ShipLightBlocker.fbx.meta
8/23/2024 11:28:08 PM Data Extracted!
8/23/2024 11:28:08 PM Saving Results...
8/23/2024 11:28:08 PM Saving File: 0547cd6146614504888432f593a9c664.json
8/23/2024 11:28:08 PM Done!!
8/23/2024 11:28:08 PM Analyzing File: D:\Bug_injection_project\HandPosing_Demo-master\Assets\3D\FBX\ShipsWheel.fbx.meta
8/23/2024 11:28:08 PM Data Extracted!
8/23/2024 11:28:08 PM Saving Results...
8/23/2024 11:28:08 PM Saving File: e7471bb81243adb45aeedb14b66ca049.json
8/23/2024 11:28:08 PM Done!!
8/23/2024 11:28:08 PM Analyzing File: D:\Bug_injection_project\HandPosing_Demo-master\Assets\3D\FBX\SideTable.fbx.meta
8/23/2024 11:28:08 PM Data Extracted!
8/23/2024 11:28:08 PM Saving Results...
8/23/2024 11:28:08 PM Saving File: ab4e33618208fc749b24e83a008b5a79.json
8/23/2024 11:28:08 PM Done!!
8/23/2024 11:28:08 PM Analyzing File: D:\Bug_injection_project\HandPosing_Demo-master\Assets\3D\FBX\SideTableDraw.fbx.meta
8/23/2024 11:28:08 PM Data Extracted!
8/23/2024 11:28:08 PM Saving Results...
8/23/2024 11:28:08 PM Saving File: 2daaf90cceb91284c8ea98117b3bc35a.json
8/23/2024 11:28:08 PM Done!!
8/23/2024 11:28:08 PM Analyzing File: D:\Bug_injection_project\HandPosing_Demo-master\Assets\3D\FBX\Squid.fbx.meta
8/23/2024 11:28:08 PM Data Extracted!
8/23/2024 11:28:08 PM Saving Results...
8/23/2024 11:28:08 PM Saving File: 999be669c2d27e04ab3325bb5d23bc79.json
8/23/2024 11:28:08 PM Done!!
8/23/2024 11:28:08 PM Analyzing File: D:\Bug_injection_project\HandPosing_Demo-master\Assets\3D\FBX\Stand.fbx.meta
8/23/2024 11:28:08 PM Data Extracted!
8/23/2024 11:28:08 PM Saving Results...
8/23/2024 11:28:08 PM Saving File: 286363e966e7bc046881939fcc8b710c.json
8/23/2024 11:28:08 PM Done!!
8/23/2024 11:28:08 PM Analyzing File: D:\Bug_injection_project\HandPosing_Demo-master\Assets\3D\FBX\Sword.fbx.meta
8/23/2024 11:28:08 PM Data Extracted!
8/23/2024 11:28:08 PM Saving Results...
8/23/2024 11:28:08 PM Saving File: d167244ab23c7604b8d1fbb1a3d826ed.json
8/23/2024 11:28:08 PM Done!!
8/23/2024 11:28:08 PM Analyzing File: D:\Bug_injection_project\HandPosing_Demo-master\Assets\3D\FBX\SwordMount.fbx.meta
8/23/2024 11:28:08 PM Data Extracted!
8/23/2024 11:28:08 PM Saving Results...
8/23/2024 11:28:08 PM Saving File: 921c56174eae545439a8303567ee32a5.json
8/23/2024 11:28:08 PM Done!!
8/23/2024 11:28:08 PM Analyzing File: D:\Bug_injection_project\HandPosing_Demo-master\Assets\3D\FBX\Table.fbx.meta
8/23/2024 11:28:08 PM Data Extracted!
8/23/2024 11:28:08 PM Saving Results...
8/23/2024 11:28:08 PM Saving File: 6c91e5cffa3e9a642a6a0e8b9e8755f0.json
8/23/2024 11:28:08 PM Done!!
8/23/2024 11:28:08 PM Analyzing File: D:\Bug_injection_project\HandPosing_Demo-master\Assets\3D\FBX\TeaCup.fbx.meta
8/23/2024 11:28:08 PM Data Extracted!
8/23/2024 11:28:08 PM Saving Results...
8/23/2024 11:28:08 PM Saving File: 5eab88959b7adae44be48e80bac375eb.json
8/23/2024 11:28:08 PM Done!!
8/23/2024 11:28:08 PM Analyzing File: D:\Bug_injection_project\HandPosing_Demo-master\Assets\3D\FBX\TeaPot.fbx.meta
8/23/2024 11:28:08 PM Data Extracted!
8/23/2024 11:28:08 PM Saving Results...
8/23/2024 11:28:08 PM Saving File: fcc28040779c5c947bebb48b774ce79a.json
8/23/2024 11:28:08 PM Done!!
8/23/2024 11:28:08 PM Analyzing File: D:\Bug_injection_project\HandPosing_Demo-master\Assets\3D\FBX\TeaPotLid.fbx.meta
8/23/2024 11:28:08 PM Data Extracted!
8/23/2024 11:28:08 PM Saving Results...
8/23/2024 11:28:08 PM Saving File: b8876ab854f8673418dfcce951e1e887.json
8/23/2024 11:28:08 PM Done!!
8/23/2024 11:28:08 PM Analyzing File: D:\Bug_injection_project\HandPosing_Demo-master\Assets\3D\FBX\TrapDoor.fbx.meta
8/23/2024 11:28:08 PM Data Extracted!
8/23/2024 11:28:08 PM Saving Results...
8/23/2024 11:28:08 PM Saving File: 03ca2f4589f9589459f716cb7c34e6fa.json
8/23/2024 11:28:08 PM Done!!
8/23/2024 11:28:08 PM Analyzing File: D:\Bug_injection_project\HandPosing_Demo-master\Assets\3D\FBX\WaterPlane.fbx.meta
8/23/2024 11:28:08 PM Data Extracted!
8/23/2024 11:28:08 PM Saving Results...
8/23/2024 11:28:08 PM Saving File: 6528c68fa355b8e41bb354bd06ea496c.json
8/23/2024 11:28:08 PM Done!!
8/23/2024 11:28:08 PM Analyzing File: D:\Bug_injection_project\HandPosing_Demo-master\Assets\3D\Staff\lightCircle.png.meta
8/23/2024 11:28:08 PM Data Extracted!
8/23/2024 11:28:08 PM Saving Results...
8/23/2024 11:28:08 PM Saving File: 89a1f43c7681861408c9723f899c5be1.json
8/23/2024 11:28:08 PM Done!!
8/23/2024 11:28:08 PM Analyzing File: D:\Bug_injection_project\HandPosing_Demo-master\Assets\3D\Staff\RingShader.shader.meta
8/23/2024 11:28:08 PM Data Extracted!
8/23/2024 11:28:08 PM Saving Results...
8/23/2024 11:28:08 PM Saving File: 16be5de21ef80074590d4bdab4a71fe5.json
8/23/2024 11:28:08 PM Done!!
8/23/2024 11:28:08 PM Analyzing File: D:\Bug_injection_project\HandPosing_Demo-master\Assets\3D\Staff\VoodooStaff.fbx.meta
8/23/2024 11:28:08 PM Data Extracted!
8/23/2024 11:28:08 PM Saving Results...
8/23/2024 11:28:08 PM Saving File: 52992753b2553ff42ad9a0c179a2e1c7.json
8/23/2024 11:28:08 PM Done!!
8/23/2024 11:28:08 PM Analyzing File: D:\Bug_injection_project\HandPosing_Demo-master\Assets\3D\Staff\VoodooStaffMat_AlbedoTransparency.png.meta
8/23/2024 11:28:08 PM Data Extracted!
8/23/2024 11:28:08 PM Saving Results...
8/23/2024 11:28:08 PM Saving File: 5cddea7cafbbf5b4a93d11ef00e493ab.json
8/23/2024 11:28:08 PM Done!!
8/23/2024 11:28:08 PM Analyzing File: D:\Bug_injection_project\HandPosing_Demo-master\Assets\3D\Staff\VoodooStaffMat_AO.png.meta
8/23/2024 11:28:08 PM Data Extracted!
8/23/2024 11:28:08 PM Saving Results...
8/23/2024 11:28:08 PM Saving File: 08ef8b3514b1adc4095505d03072a1f0.json
8/23/2024 11:28:08 PM Done!!
8/23/2024 11:28:08 PM Analyzing File: D:\Bug_injection_project\HandPosing_Demo-master\Assets\3D\Staff\VoodooStaffMat_Emission.png.meta
8/23/2024 11:28:08 PM Data Extracted!
8/23/2024 11:28:08 PM Saving Results...
8/23/2024 11:28:08 PM Saving File: 543be57214c3182478d176aacf8d941f.json
8/23/2024 11:28:08 PM Done!!
8/23/2024 11:28:08 PM Analyzing File: D:\Bug_injection_project\HandPosing_Demo-master\Assets\3D\Staff\VoodooStaffMat_Normal.png.meta
8/23/2024 11:28:08 PM Data Extracted!
8/23/2024 11:28:08 PM Saving Results...
8/23/2024 11:28:08 PM Saving File: 3bd132c4ead58b341a378eccf0038306.json
8/23/2024 11:28:08 PM Done!!
8/23/2024 11:28:08 PM Analyzing File: D:\Bug_injection_project\HandPosing_Demo-master\Assets\3D\Staff\VoodooStaffMat_SpecularSmoothness.png.meta
8/23/2024 11:28:08 PM Data Extracted!
8/23/2024 11:28:08 PM Saving Results...
8/23/2024 11:28:08 PM Saving File: a1f816a8c8ccc834ba78deda9f9d2844.json
8/23/2024 11:28:08 PM Done!!
8/23/2024 11:28:08 PM Analyzing File: D:\Bug_injection_project\HandPosing_Demo-master\Assets\3D\Textures\Book_AlbedoTransparency.png.meta
8/23/2024 11:28:08 PM Data Extracted!
8/23/2024 11:28:08 PM Saving Results...
8/23/2024 11:28:08 PM Saving File: 7c78f84460464f1498fa0bfd3863dad4.json
8/23/2024 11:28:08 PM Done!!
8/23/2024 11:28:08 PM Analyzing File: D:\Bug_injection_project\HandPosing_Demo-master\Assets\3D\Textures\Book_AO.png.meta
8/23/2024 11:28:08 PM Data Extracted!
8/23/2024 11:28:08 PM Saving Results...
8/23/2024 11:28:08 PM Saving File: e9d067c60bb926b4ea72043c83694e00.json
8/23/2024 11:28:08 PM Done!!
8/23/2024 11:28:08 PM Analyzing File: D:\Bug_injection_project\HandPosing_Demo-master\Assets\3D\Textures\Book_Normal.png.meta
8/23/2024 11:28:08 PM Data Extracted!
8/23/2024 11:28:08 PM Saving Results...
8/23/2024 11:28:08 PM Saving File: 96c6687b067813c46a8005c85dc74877.json
8/23/2024 11:28:08 PM Done!!
8/23/2024 11:28:08 PM Analyzing File: D:\Bug_injection_project\HandPosing_Demo-master\Assets\3D\Textures\Book_SpecularSmoothness.png.meta
8/23/2024 11:28:08 PM Data Extracted!
8/23/2024 11:28:08 PM Saving Results...
8/23/2024 11:28:08 PM Saving File: 91f3e68ce0649784190b78892cb26bf9.json
8/23/2024 11:28:08 PM Done!!
8/23/2024 11:28:08 PM Analyzing File: D:\Bug_injection_project\HandPosing_Demo-master\Assets\3D\Textures\Chest_AlbedoTransparency.png.meta
8/23/2024 11:28:08 PM Data Extracted!
8/23/2024 11:28:08 PM Saving Results...
8/23/2024 11:28:08 PM Saving File: c688bc4787374234ebd5a53d727edf02.json
8/23/2024 11:28:08 PM Done!!
8/23/2024 11:28:08 PM Analyzing File: D:\Bug_injection_project\HandPosing_Demo-master\Assets\3D\Textures\Chest_AO.png.meta
8/23/2024 11:28:08 PM Data Extracted!
8/23/2024 11:28:08 PM Saving Results...
8/23/2024 11:28:08 PM Saving File: defac847972f6a84fb3400dcabda00c7.json
8/23/2024 11:28:08 PM Done!!
8/23/2024 11:28:08 PM Analyzing File: D:\Bug_injection_project\HandPosing_Demo-master\Assets\3D\Textures\Chest_Normal.png.meta
8/23/2024 11:28:08 PM Data Extracted!
8/23/2024 11:28:08 PM Saving Results...
8/23/2024 11:28:08 PM Saving File: 7dd8622a5725e3445b5cd3afbc607497.json
8/23/2024 11:28:08 PM Done!!
8/23/2024 11:28:08 PM Analyzing File: D:\Bug_injection_project\HandPosing_Demo-master\Assets\3D\Textures\Chest_SpecularSmoothness.png.meta
8/23/2024 11:28:08 PM Data Extracted!
8/23/2024 11:28:08 PM Saving Results...
8/23/2024 11:28:08 PM Saving File: bfe33b2cbec493f4dba2208b64e6e051.json
8/23/2024 11:28:08 PM Done!!
8/23/2024 11:28:08 PM Analyzing File: D:\Bug_injection_project\HandPosing_Demo-master\Assets\3D\Textures\Coin_AlbedoTransparency.png.meta
8/23/2024 11:28:08 PM Data Extracted!
8/23/2024 11:28:08 PM Saving Results...
8/23/2024 11:28:08 PM Saving File: 54c7cd2883cebcb42877166d10f34183.json
8/23/2024 11:28:08 PM Done!!
8/23/2024 11:28:08 PM Analyzing File: D:\Bug_injection_project\HandPosing_Demo-master\Assets\3D\Textures\Coin_AO.png.meta
8/23/2024 11:28:08 PM Data Extracted!
8/23/2024 11:28:08 PM Saving Results...
8/23/2024 11:28:08 PM Saving File: 227df7dcc13f2964c9ca73517b2b75f9.json
8/23/2024 11:28:08 PM Done!!
8/23/2024 11:28:08 PM Analyzing File: D:\Bug_injection_project\HandPosing_Demo-master\Assets\3D\Textures\Coin_Normal.png.meta
8/23/2024 11:28:08 PM Data Extracted!
8/23/2024 11:28:08 PM Saving Results...
8/23/2024 11:28:08 PM Saving File: f89b1fd17bee4564cb84db6bc48382ec.json
8/23/2024 11:28:08 PM Done!!
8/23/2024 11:28:08 PM Analyzing File: D:\Bug_injection_project\HandPosing_Demo-master\Assets\3D\Textures\Coin_SpecularSmoothness.png.meta
8/23/2024 11:28:08 PM Data Extracted!
8/23/2024 11:28:08 PM Saving Results...
8/23/2024 11:28:08 PM Saving File: 78deb58ec8d8c3841980f352279cd4e2.json
8/23/2024 11:28:08 PM Done!!
8/23/2024 11:28:08 PM Analyzing File: D:\Bug_injection_project\HandPosing_Demo-master\Assets\3D\Textures\Crown_AlbedoTransparency.png.meta
8/23/2024 11:28:08 PM Data Extracted!
8/23/2024 11:28:08 PM Saving Results...
8/23/2024 11:28:08 PM Saving File: 6128e8d4237eaa24f8c3b919b005c31d.json
8/23/2024 11:28:08 PM Done!!
8/23/2024 11:28:08 PM Analyzing File: D:\Bug_injection_project\HandPosing_Demo-master\Assets\3D\Textures\Crown_AO.png.meta
8/23/2024 11:28:08 PM Data Extracted!
8/23/2024 11:28:08 PM Saving Results...
8/23/2024 11:28:08 PM Saving File: 31218c8346eb1ec4e8463b064dac058b.json
8/23/2024 11:28:08 PM Done!!
8/23/2024 11:28:08 PM Analyzing File: D:\Bug_injection_project\HandPosing_Demo-master\Assets\3D\Textures\Crown_Normal.png.meta
8/23/2024 11:28:08 PM Data Extracted!
8/23/2024 11:28:08 PM Saving Results...
8/23/2024 11:28:08 PM Saving File: fd2dd757633241b438adc67c4a2ae752.json
8/23/2024 11:28:08 PM Done!!
8/23/2024 11:28:08 PM Analyzing File: D:\Bug_injection_project\HandPosing_Demo-master\Assets\3D\Textures\Crown_SpecularSmoothness.png.meta
8/23/2024 11:28:08 PM Data Extracted!
8/23/2024 11:28:08 PM Saving Results...
8/23/2024 11:28:08 PM Saving File: b18f79448cf649e49a232d4f95b6b307.json
8/23/2024 11:28:08 PM Done!!
8/23/2024 11:28:08 PM Analyzing File: D:\Bug_injection_project\HandPosing_Demo-master\Assets\3D\Textures\FloorBoards_AlbedoTransparency.png.meta
8/23/2024 11:28:08 PM Data Extracted!
8/23/2024 11:28:08 PM Saving Results...
8/23/2024 11:28:08 PM Saving File: c95274162fc440c4c917d6dfcc00ae00.json
8/23/2024 11:28:08 PM Done!!
8/23/2024 11:28:08 PM Analyzing File: D:\Bug_injection_project\HandPosing_Demo-master\Assets\3D\Textures\FloorBoards_AO.png.meta
8/23/2024 11:28:08 PM Data Extracted!
8/23/2024 11:28:08 PM Saving Results...
8/23/2024 11:28:08 PM Saving File: 03f1fba768bc8434f87a6ebfd61d9e3f.json
8/23/2024 11:28:08 PM Done!!
8/23/2024 11:28:08 PM Analyzing File: D:\Bug_injection_project\HandPosing_Demo-master\Assets\3D\Textures\FloorBoards_Normal.png.meta
8/23/2024 11:28:08 PM Data Extracted!
8/23/2024 11:28:08 PM Saving Results...
8/23/2024 11:28:08 PM Saving File: aba5aedd2ed43e8488a8e7871e7ecf2f.json
8/23/2024 11:28:08 PM Done!!
8/23/2024 11:28:08 PM Analyzing File: D:\Bug_injection_project\HandPosing_Demo-master\Assets\3D\Textures\FloorBoards_SpecularSmoothness.png.meta
8/23/2024 11:28:08 PM Data Extracted!
8/23/2024 11:28:08 PM Saving Results...
8/23/2024 11:28:08 PM Saving File: ea58803c91b68d74da839151e154096c.json
8/23/2024 11:28:08 PM Done!!
8/23/2024 11:28:08 PM Analyzing File: D:\Bug_injection_project\HandPosing_Demo-master\Assets\3D\Textures\GlassNorm.png.meta
8/23/2024 11:28:08 PM Data Extracted!
8/23/2024 11:28:08 PM Saving Results...
8/23/2024 11:28:08 PM Saving File: a052734bc79116e42af7952c59e1919b.json
8/23/2024 11:28:08 PM Done!!
8/23/2024 11:28:08 PM Analyzing File: D:\Bug_injection_project\HandPosing_Demo-master\Assets\3D\Textures\Gloves.meta
8/23/2024 11:28:08 PM Data Extracted!
8/23/2024 11:28:08 PM Saving Results...
8/23/2024 11:28:08 PM Saving File: c3681908c6e57894e8ae004643c6b3c7.json
8/23/2024 11:28:08 PM Done!!
8/23/2024 11:28:08 PM Analyzing File: D:\Bug_injection_project\HandPosing_Demo-master\Assets\3D\Textures\Paper_AlbedoTransparency.png.meta
8/23/2024 11:28:08 PM Data Extracted!
8/23/2024 11:28:08 PM Saving Results...
8/23/2024 11:28:08 PM Saving File: 77eed150cbc4ddc45a79ac51d2a565b9.json
8/23/2024 11:28:08 PM Done!!
8/23/2024 11:28:08 PM Analyzing File: D:\Bug_injection_project\HandPosing_Demo-master\Assets\3D\Textures\Paper_AO.png.meta
8/23/2024 11:28:08 PM Data Extracted!
8/23/2024 11:28:08 PM Saving Results...
8/23/2024 11:28:08 PM Saving File: c2907f02a95577d4681deb34a2310f5e.json
8/23/2024 11:28:08 PM Done!!
8/23/2024 11:28:08 PM Analyzing File: D:\Bug_injection_project\HandPosing_Demo-master\Assets\3D\Textures\Paper_Normal.png.meta
8/23/2024 11:28:08 PM Data Extracted!
8/23/2024 11:28:08 PM Saving Results...
8/23/2024 11:28:08 PM Saving File: 2eba50d4af9445047b89397951e9d735.json
8/23/2024 11:28:08 PM Done!!
8/23/2024 11:28:08 PM Analyzing File: D:\Bug_injection_project\HandPosing_Demo-master\Assets\3D\Textures\Paper_SpecularSmoothness.png.meta
8/23/2024 11:28:08 PM Data Extracted!
8/23/2024 11:28:08 PM Saving Results...
8/23/2024 11:28:08 PM Saving File: 21255b7da426d6648a8be95f0c1f069d.json
8/23/2024 11:28:08 PM Done!!
8/23/2024 11:28:08 PM Analyzing File: D:\Bug_injection_project\HandPosing_Demo-master\Assets\3D\Textures\RopeAO.png.meta
8/23/2024 11:28:08 PM Data Extracted!
8/23/2024 11:28:08 PM Saving Results...
8/23/2024 11:28:08 PM Saving File: c9bbe73a2533867409041e3e8b760dd0.json
8/23/2024 11:28:08 PM Done!!
8/23/2024 11:28:08 PM Analyzing File: D:\Bug_injection_project\HandPosing_Demo-master\Assets\3D\Textures\RopeDiffuse.png.meta
8/23/2024 11:28:08 PM Data Extracted!
8/23/2024 11:28:08 PM Saving Results...
8/23/2024 11:28:08 PM Saving File: 5f00e9ca4b769c443b254713e5d9022b.json
8/23/2024 11:28:08 PM Done!!
8/23/2024 11:28:08 PM Analyzing File: D:\Bug_injection_project\HandPosing_Demo-master\Assets\3D\Textures\RopeNorm.png.meta
8/23/2024 11:28:08 PM Data Extracted!
8/23/2024 11:28:08 PM Saving Results...
8/23/2024 11:28:08 PM Saving File: cf1f7dc2a6f89bf4fbd1144ee0f58a21.json
8/23/2024 11:28:08 PM Done!!
8/23/2024 11:28:08 PM Analyzing File: D:\Bug_injection_project\HandPosing_Demo-master\Assets\3D\Textures\SailsAlbedo.png.meta
8/23/2024 11:28:08 PM Data Extracted!
8/23/2024 11:28:08 PM Saving Results...
8/23/2024 11:28:08 PM Saving File: f1c292e5f18110444af893e161ded37f.json
8/23/2024 11:28:08 PM Done!!
8/23/2024 11:28:08 PM Analyzing File: D:\Bug_injection_project\HandPosing_Demo-master\Assets\3D\Textures\Sextant_AlbedoTransparency.png.meta
8/23/2024 11:28:08 PM Data Extracted!
8/23/2024 11:28:08 PM Saving Results...
8/23/2024 11:28:08 PM Saving File: 0a3c2239306f7154d959ca9896644aa9.json
8/23/2024 11:28:08 PM Done!!
8/23/2024 11:28:08 PM Analyzing File: D:\Bug_injection_project\HandPosing_Demo-master\Assets\3D\Textures\Sextant_AO.png.meta
8/23/2024 11:28:08 PM Data Extracted!
8/23/2024 11:28:08 PM Saving Results...
8/23/2024 11:28:08 PM Saving File: 45fb3b0752bbe4c4bb39d4dc0754e989.json
8/23/2024 11:28:08 PM Done!!
8/23/2024 11:28:08 PM Analyzing File: D:\Bug_injection_project\HandPosing_Demo-master\Assets\3D\Textures\Sextant_Normal.png.meta
8/23/2024 11:28:08 PM Data Extracted!
8/23/2024 11:28:08 PM Saving Results...
8/23/2024 11:28:08 PM Saving File: 168152ae77bb79540be37f5e003fab8d.json
8/23/2024 11:28:08 PM Done!!
8/23/2024 11:28:08 PM Analyzing File: D:\Bug_injection_project\HandPosing_Demo-master\Assets\3D\Textures\Sextant_SpecularSmoothness.png.meta
8/23/2024 11:28:08 PM Data Extracted!
8/23/2024 11:28:08 PM Saving Results...
8/23/2024 11:28:08 PM Saving File: 80ec44f7d8fbb2344835153562b7e7f8.json
8/23/2024 11:28:08 PM Done!!
8/23/2024 11:28:08 PM Analyzing File: D:\Bug_injection_project\HandPosing_Demo-master\Assets\3D\Textures\ShipsWheel_AlbedoTransparency.png.meta
8/23/2024 11:28:08 PM Data Extracted!
8/23/2024 11:28:08 PM Saving Results...
8/23/2024 11:28:08 PM Saving File: 7f643a2d793803943ba91a1f22f47e25.json
8/23/2024 11:28:08 PM Done!!
8/23/2024 11:28:08 PM Analyzing File: D:\Bug_injection_project\HandPosing_Demo-master\Assets\3D\Textures\ShipsWheel_AO.png.meta
8/23/2024 11:28:08 PM Data Extracted!
8/23/2024 11:28:08 PM Saving Results...
8/23/2024 11:28:08 PM Saving File: d0bcfd8c6369ed24890e7b6202c9a0a5.json
8/23/2024 11:28:08 PM Done!!
8/23/2024 11:28:08 PM Analyzing File: D:\Bug_injection_project\HandPosing_Demo-master\Assets\3D\Textures\ShipsWheel_Normal.png.meta
8/23/2024 11:28:08 PM Data Extracted!
8/23/2024 11:28:08 PM Saving Results...
8/23/2024 11:28:08 PM Saving File: a7b5fbb3823771842bbee89cf4634273.json
8/23/2024 11:28:08 PM Done!!
8/23/2024 11:28:08 PM Analyzing File: D:\Bug_injection_project\HandPosing_Demo-master\Assets\3D\Textures\ShipsWheel_SpecularSmoothness.png.meta
8/23/2024 11:28:08 PM Data Extracted!
8/23/2024 11:28:08 PM Saving Results...
8/23/2024 11:28:08 PM Saving File: 3f7286bf10d0e7643af3c43e7130ebf3.json
8/23/2024 11:28:08 PM Done!!
8/23/2024 11:28:08 PM Analyzing File: D:\Bug_injection_project\HandPosing_Demo-master\Assets\3D\Textures\SideTable_AlbedoTransparency.png.meta
8/23/2024 11:28:08 PM Data Extracted!
8/23/2024 11:28:08 PM Saving Results...
8/23/2024 11:28:08 PM Saving File: ad658bf9fb05ac742818f2bbb8ab7343.json
8/23/2024 11:28:08 PM Done!!
8/23/2024 11:28:08 PM Analyzing File: D:\Bug_injection_project\HandPosing_Demo-master\Assets\3D\Textures\SideTable_AO.png.meta
8/23/2024 11:28:08 PM Data Extracted!
8/23/2024 11:28:08 PM Saving Results...
8/23/2024 11:28:08 PM Saving File: fb1131c8763910e44ace93c3e844e8f3.json
8/23/2024 11:28:08 PM Done!!
8/23/2024 11:28:08 PM Analyzing File: D:\Bug_injection_project\HandPosing_Demo-master\Assets\3D\Textures\SideTable_Normal.png.meta
8/23/2024 11:28:08 PM Data Extracted!
8/23/2024 11:28:08 PM Saving Results...
8/23/2024 11:28:08 PM Saving File: 0a7b791bacefbb74293a604fc22adf2f.json
8/23/2024 11:28:08 PM Done!!
8/23/2024 11:28:08 PM Analyzing File: D:\Bug_injection_project\HandPosing_Demo-master\Assets\3D\Textures\SideTable_SpecularSmoothness.png.meta
8/23/2024 11:28:08 PM Data Extracted!
8/23/2024 11:28:08 PM Saving Results...
8/23/2024 11:28:08 PM Saving File: e39183b4dbfb0be4e9ea246bfaeb2c2b.json
8/23/2024 11:28:08 PM Done!!
8/23/2024 11:28:08 PM Analyzing File: D:\Bug_injection_project\HandPosing_Demo-master\Assets\3D\Textures\Sword_AlbedoTransparency.png.meta
8/23/2024 11:28:08 PM Data Extracted!
8/23/2024 11:28:08 PM Saving Results...
8/23/2024 11:28:08 PM Saving File: babe2526f2e56af48824f97216c0c45c.json
8/23/2024 11:28:08 PM Done!!
8/23/2024 11:28:08 PM Analyzing File: D:\Bug_injection_project\HandPosing_Demo-master\Assets\3D\Textures\Sword_AO.png.meta
8/23/2024 11:28:08 PM Data Extracted!
8/23/2024 11:28:08 PM Saving Results...
8/23/2024 11:28:08 PM Saving File: 2c7cd01ca7366c341915d5ebe0c28265.json
8/23/2024 11:28:08 PM Done!!
8/23/2024 11:28:08 PM Analyzing File: D:\Bug_injection_project\HandPosing_Demo-master\Assets\3D\Textures\Sword_Normal.png.meta
8/23/2024 11:28:08 PM Data Extracted!
8/23/2024 11:28:08 PM Saving Results...
8/23/2024 11:28:08 PM Saving File: 4953fb27fe37b2b4985be617a12c62dc.json
8/23/2024 11:28:08 PM Done!!
8/23/2024 11:28:08 PM Analyzing File: D:\Bug_injection_project\HandPosing_Demo-master\Assets\3D\Textures\Sword_SpecularSmoothness.png.meta
8/23/2024 11:28:08 PM Data Extracted!
8/23/2024 11:28:08 PM Saving Results...
8/23/2024 11:28:08 PM Saving File: 70ce1bdd5a7598e44874e37a50f1e271.json
8/23/2024 11:28:08 PM Done!!
8/23/2024 11:28:08 PM Analyzing File: D:\Bug_injection_project\HandPosing_Demo-master\Assets\3D\Textures\Table_AlbedoTransparency.png.meta
8/23/2024 11:28:08 PM Data Extracted!
8/23/2024 11:28:08 PM Saving Results...
8/23/2024 11:28:08 PM Saving File: 1c1a36899b471a24ab8baa09a1ca7058.json
8/23/2024 11:28:08 PM Done!!
8/23/2024 11:28:08 PM Analyzing File: D:\Bug_injection_project\HandPosing_Demo-master\Assets\3D\Textures\Table_AO.png.meta
8/23/2024 11:28:08 PM Data Extracted!
8/23/2024 11:28:08 PM Saving Results...
8/23/2024 11:28:08 PM Saving File: 489dc864eb1d50f4084657ce3e62fe03.json
8/23/2024 11:28:08 PM Done!!
8/23/2024 11:28:08 PM Analyzing File: D:\Bug_injection_project\HandPosing_Demo-master\Assets\3D\Textures\Table_Normal.png.meta
8/23/2024 11:28:08 PM Data Extracted!
8/23/2024 11:28:08 PM Saving Results...
8/23/2024 11:28:08 PM Saving File: b61186bb018735146b18bb4393323be5.json
8/23/2024 11:28:08 PM Done!!
8/23/2024 11:28:08 PM Analyzing File: D:\Bug_injection_project\HandPosing_Demo-master\Assets\3D\Textures\Table_SpecularSmoothness.png.meta
8/23/2024 11:28:08 PM Data Extracted!
8/23/2024 11:28:08 PM Saving Results...
8/23/2024 11:28:08 PM Saving File: 4718a78865da7f5498e7f56c32d03411.json
8/23/2024 11:28:08 PM Done!!
8/23/2024 11:28:08 PM Analyzing File: D:\Bug_injection_project\HandPosing_Demo-master\Assets\3D\Textures\TeaSet_AlbedoTransparency.png.meta
8/23/2024 11:28:08 PM Data Extracted!
8/23/2024 11:28:08 PM Saving Results...
8/23/2024 11:28:08 PM Saving File: 5689e0887d7860d488f7468c5a861224.json
8/23/2024 11:28:08 PM Done!!
8/23/2024 11:28:08 PM Analyzing File: D:\Bug_injection_project\HandPosing_Demo-master\Assets\3D\Textures\TeaSet_AO.png.meta
8/23/2024 11:28:08 PM Data Extracted!
8/23/2024 11:28:08 PM Saving Results...
8/23/2024 11:28:08 PM Saving File: c7470d1e0f0533e479a77d396c49027f.json
8/23/2024 11:28:08 PM Done!!
8/23/2024 11:28:08 PM Analyzing File: D:\Bug_injection_project\HandPosing_Demo-master\Assets\3D\Textures\TeaSet_Normal.png.meta
8/23/2024 11:28:08 PM Data Extracted!
8/23/2024 11:28:08 PM Saving Results...
8/23/2024 11:28:08 PM Saving File: f844ec31f60f20542865c4a5bfde1e47.json
8/23/2024 11:28:08 PM Done!!
8/23/2024 11:28:08 PM Analyzing File: D:\Bug_injection_project\HandPosing_Demo-master\Assets\3D\Textures\TeaSet_SpecularSmoothness.png.meta
8/23/2024 11:28:08 PM Data Extracted!
8/23/2024 11:28:08 PM Saving Results...
8/23/2024 11:28:08 PM Saving File: f7414cac1f17adf449536c18dc280fc6.json
8/23/2024 11:28:08 PM Done!!
8/23/2024 11:28:08 PM Analyzing File: D:\Bug_injection_project\HandPosing_Demo-master\Assets\3D\Textures\TentacleMat_AlbedoTransparency.png.meta
8/23/2024 11:28:08 PM Data Extracted!
8/23/2024 11:28:08 PM Saving Results...
8/23/2024 11:28:08 PM Saving File: 68d38c7ab9ff96d4daa0f9ef4a4886aa.json
8/23/2024 11:28:08 PM Done!!
8/23/2024 11:28:08 PM Analyzing File: D:\Bug_injection_project\HandPosing_Demo-master\Assets\3D\Textures\TentacleMat_AO.png.meta
8/23/2024 11:28:08 PM Data Extracted!
8/23/2024 11:28:08 PM Saving Results...
8/23/2024 11:28:08 PM Saving File: 53ef867af324a6b49a437baa04ababf8.json
8/23/2024 11:28:08 PM Done!!
8/23/2024 11:28:08 PM Analyzing File: D:\Bug_injection_project\HandPosing_Demo-master\Assets\3D\Textures\TentacleMat_Normal.png.meta
8/23/2024 11:28:08 PM Data Extracted!
8/23/2024 11:28:08 PM Saving Results...
8/23/2024 11:28:08 PM Saving File: 8ee6d7cadd6d4194b9ce55d323547eca.json
8/23/2024 11:28:08 PM Done!!
8/23/2024 11:28:08 PM Analyzing File: D:\Bug_injection_project\HandPosing_Demo-master\Assets\3D\Textures\TentacleMat_SpecularSmoothness.png.meta
8/23/2024 11:28:08 PM Data Extracted!
8/23/2024 11:28:08 PM Saving Results...
8/23/2024 11:28:08 PM Saving File: 8ff04baa37ceb6445a5d5abc7ae6cc72.json
8/23/2024 11:28:08 PM Done!!
8/23/2024 11:28:08 PM Analyzing File: D:\Bug_injection_project\HandPosing_Demo-master\Assets\3D\Textures\Tiles.meta
8/23/2024 11:28:08 PM Data Extracted!
8/23/2024 11:28:08 PM Saving Results...
8/23/2024 11:28:08 PM Saving File: f27bc690599a47e4ba931422f0c71926.json
8/23/2024 11:28:08 PM Done!!
8/23/2024 11:28:08 PM Analyzing File: D:\Bug_injection_project\HandPosing_Demo-master\Assets\3D\Textures\WoodSiding6_2x2_1K_Albedo.png.meta
8/23/2024 11:28:08 PM Data Extracted!
8/23/2024 11:28:08 PM Saving Results...
8/23/2024 11:28:08 PM Saving File: e4a87c5ef743d844482af07844f46dfa.json
8/23/2024 11:28:08 PM Done!!
8/23/2024 11:28:08 PM Analyzing File: D:\Bug_injection_project\HandPosing_Demo-master\Assets\3D\Textures\WoodSiding6_2x2_1K_ao.png.meta
8/23/2024 11:28:08 PM Data Extracted!
8/23/2024 11:28:08 PM Saving Results...
8/23/2024 11:28:08 PM Saving File: b673ed53b852aa643b510870dddae715.json
8/23/2024 11:28:08 PM Done!!
8/23/2024 11:28:08 PM Analyzing File: D:\Bug_injection_project\HandPosing_Demo-master\Assets\3D\Textures\WoodSiding6_2x2_1K_Norm.png.meta
8/23/2024 11:28:08 PM Data Extracted!
8/23/2024 11:28:08 PM Saving Results...
8/23/2024 11:28:08 PM Saving File: 94930d98b858ff24a9e72412e679a538.json
8/23/2024 11:28:08 PM Done!!
8/23/2024 11:28:08 PM Analyzing File: D:\Bug_injection_project\HandPosing_Demo-master\Assets\3D\Textures\Gloves\Glove_AlbedoTransparency.png.meta
8/23/2024 11:28:08 PM Data Extracted!
8/23/2024 11:28:08 PM Saving Results...
8/23/2024 11:28:08 PM Saving File: a80a9c683d10c3c4399a74e4841b183d.json
8/23/2024 11:28:08 PM Done!!
8/23/2024 11:28:08 PM Analyzing File: D:\Bug_injection_project\HandPosing_Demo-master\Assets\3D\Textures\Gloves\Glove_AO.png.meta
8/23/2024 11:28:08 PM Data Extracted!
8/23/2024 11:28:08 PM Saving Results...
8/23/2024 11:28:08 PM Saving File: 65198859fb8c06446b226c21900aec84.json
8/23/2024 11:28:08 PM Done!!
8/23/2024 11:28:08 PM Analyzing File: D:\Bug_injection_project\HandPosing_Demo-master\Assets\3D\Textures\Gloves\Glove_Normal.png.meta
8/23/2024 11:28:08 PM Data Extracted!
8/23/2024 11:28:08 PM Saving Results...
8/23/2024 11:28:08 PM Saving File: 1040bd8830cfe484eba0a73d68e499ad.json
8/23/2024 11:28:08 PM Done!!
8/23/2024 11:28:08 PM Analyzing File: D:\Bug_injection_project\HandPosing_Demo-master\Assets\3D\Textures\Gloves\Glove_SpecularSmoothness.png.meta
8/23/2024 11:28:08 PM Data Extracted!
8/23/2024 11:28:08 PM Saving Results...
8/23/2024 11:28:08 PM Saving File: 475e0acdc752d81409620d12ede80e96.json
8/23/2024 11:28:08 PM Done!!
8/23/2024 11:28:08 PM Analyzing File: D:\Bug_injection_project\HandPosing_Demo-master\Assets\3D\Textures\Tiles\LargeWaveNorm2.png.meta
8/23/2024 11:28:08 PM Data Extracted!
8/23/2024 11:28:08 PM Saving Results...
8/23/2024 11:28:08 PM Saving File: f9fb39d01a047214b80efd441bd02602.json
8/23/2024 11:28:08 PM Done!!
8/23/2024 11:28:08 PM Analyzing File: D:\Bug_injection_project\HandPosing_Demo-master\Assets\3D\Textures\Tiles\LeadTile_AlbedoTransparency.png.meta
8/23/2024 11:28:08 PM Data Extracted!
8/23/2024 11:28:08 PM Saving Results...
8/23/2024 11:28:08 PM Saving File: c20b60699666afd4595ba1fd9602cc0f.json
8/23/2024 11:28:08 PM Done!!
8/23/2024 11:28:08 PM Analyzing File: D:\Bug_injection_project\HandPosing_Demo-master\Assets\3D\Textures\Tiles\LeadTile_Normal.png.meta
8/23/2024 11:28:08 PM Data Extracted!
8/23/2024 11:28:08 PM Saving Results...
8/23/2024 11:28:08 PM Saving File: 28eb9fdfe7c342b4d878ced7e3a454c6.json
8/23/2024 11:28:08 PM Done!!
8/23/2024 11:28:08 PM Analyzing File: D:\Bug_injection_project\HandPosing_Demo-master\Assets\3D\Textures\Tiles\LeadTile_SpecularSmoothness.png.meta
8/23/2024 11:28:08 PM Data Extracted!
8/23/2024 11:28:08 PM Saving Results...
8/23/2024 11:28:08 PM Saving File: b746ae1db7f47cb44b4d145365ad2b24.json
8/23/2024 11:28:08 PM Done!!
8/23/2024 11:28:08 PM Analyzing File: D:\Bug_injection_project\HandPosing_Demo-master\Assets\3D\Textures\Tiles\TimberedWall_1K_Albedo.png.meta
8/23/2024 11:28:08 PM Data Extracted!
8/23/2024 11:28:08 PM Saving Results...
8/23/2024 11:28:08 PM Saving File: afb1baa4a249b7243b9faccca2ee315f.json
8/23/2024 11:28:08 PM Done!!
8/23/2024 11:28:08 PM Analyzing File: D:\Bug_injection_project\HandPosing_Demo-master\Assets\3D\Textures\Tiles\TimberedWall_1K_AO.png.meta
8/23/2024 11:28:08 PM Data Extracted!
8/23/2024 11:28:08 PM Saving Results...
8/23/2024 11:28:08 PM Saving File: dfadd37a5563fe24f9a487af0c8f2332.json
8/23/2024 11:28:08 PM Done!!
8/23/2024 11:28:08 PM Analyzing File: D:\Bug_injection_project\HandPosing_Demo-master\Assets\3D\Textures\Tiles\TimberedWall_1K_Norm.png.meta
8/23/2024 11:28:08 PM Data Extracted!
8/23/2024 11:28:08 PM Saving Results...
8/23/2024 11:28:08 PM Saving File: 7e10ca77843889e45aef60de554c8352.json
8/23/2024 11:28:08 PM Done!!
8/23/2024 11:28:08 PM Analyzing File: D:\Bug_injection_project\HandPosing_Demo-master\Assets\3D\Textures\Tiles\TimberedWall_1K_roughness.png.meta
8/23/2024 11:28:08 PM Data Extracted!
8/23/2024 11:28:08 PM Saving Results...
8/23/2024 11:28:08 PM Saving File: 0489887185aad8143bfd97112a9e364a.json
8/23/2024 11:28:08 PM Done!!
8/23/2024 11:28:08 PM Analyzing File: D:\Bug_injection_project\HandPosing_Demo-master\Assets\3D\Textures\Tiles\TimberedWall_256_Albedo.png.meta
8/23/2024 11:28:08 PM Data Extracted!
8/23/2024 11:28:08 PM Saving Results...
8/23/2024 11:28:08 PM Saving File: ede173eb8c024874cb33a86f0346e9b9.json
8/23/2024 11:28:08 PM Done!!
8/23/2024 11:28:08 PM Analyzing File: D:\Bug_injection_project\HandPosing_Demo-master\Assets\3D\Textures\Tiles\TimberedWall_256_AO.png.meta
8/23/2024 11:28:08 PM Data Extracted!
8/23/2024 11:28:08 PM Saving Results...
8/23/2024 11:28:08 PM Saving File: 63beb90677985434897b27bf2eb0077d.json
8/23/2024 11:28:08 PM Done!!
8/23/2024 11:28:08 PM Analyzing File: D:\Bug_injection_project\HandPosing_Demo-master\Assets\3D\Textures\Tiles\TimberedWall_256_Norm.png.meta
8/23/2024 11:28:08 PM Data Extracted!
8/23/2024 11:28:08 PM Saving Results...
8/23/2024 11:28:08 PM Saving File: 32442dd3ef2804c4286ed6e183b8847b.json
8/23/2024 11:28:08 PM Done!!
8/23/2024 11:28:08 PM Analyzing File: D:\Bug_injection_project\HandPosing_Demo-master\Assets\3D\Textures\Tiles\TimberedWall_256_roughness.png.meta
8/23/2024 11:28:08 PM Data Extracted!
8/23/2024 11:28:08 PM Saving Results...
8/23/2024 11:28:08 PM Saving File: 113377ce37e128d42a0794d6faaa11d1.json
8/23/2024 11:28:08 PM Done!!
8/23/2024 11:28:08 PM Analyzing File: D:\Bug_injection_project\HandPosing_Demo-master\Assets\3D\Textures\Tiles\WaterColour.png.meta
8/23/2024 11:28:08 PM Data Extracted!
8/23/2024 11:28:08 PM Saving Results...
8/23/2024 11:28:08 PM Saving File: f69d831b40a7e8747bc3748cee3120a9.json
8/23/2024 11:28:08 PM Done!!
8/23/2024 11:28:08 PM Analyzing File: D:\Bug_injection_project\HandPosing_Demo-master\Assets\3D\Textures\Tiles\WoodTile_AlbedoTransparency.png.meta
8/23/2024 11:28:08 PM Data Extracted!
8/23/2024 11:28:08 PM Saving Results...
8/23/2024 11:28:08 PM Saving File: 6e193259edbd28d4e8605312d230da4a.json
8/23/2024 11:28:08 PM Done!!
8/23/2024 11:28:08 PM Analyzing File: D:\Bug_injection_project\HandPosing_Demo-master\Assets\3D\Textures\Tiles\WoodTile_AO.png.meta
8/23/2024 11:28:08 PM Data Extracted!
8/23/2024 11:28:08 PM Saving Results...
8/23/2024 11:28:08 PM Saving File: 8d3fe8ca68cdc554ea1fe16b5db3c7d6.json
8/23/2024 11:28:08 PM Done!!
8/23/2024 11:28:08 PM Analyzing File: D:\Bug_injection_project\HandPosing_Demo-master\Assets\3D\Textures\Tiles\WoodTile_Normal.png.meta
8/23/2024 11:28:08 PM Data Extracted!
8/23/2024 11:28:08 PM Saving Results...
8/23/2024 11:28:08 PM Saving File: fbfe9c17ce697f04a93c072799116f8a.json
8/23/2024 11:28:08 PM Done!!
8/23/2024 11:28:08 PM Analyzing File: D:\Bug_injection_project\HandPosing_Demo-master\Assets\3D\Textures\Tiles\WoodTile_SpecularSmoothness.png.meta
8/23/2024 11:28:08 PM Data Extracted!
8/23/2024 11:28:08 PM Saving Results...
8/23/2024 11:28:08 PM Saving File: bcdb8a2c157dfc44385d88aea16c6675.json
8/23/2024 11:28:08 PM Done!!
8/23/2024 11:28:08 PM Analyzing File: D:\Bug_injection_project\HandPosing_Demo-master\Assets\3D\Timelines\SquidTimeline.playable.meta
8/23/2024 11:28:08 PM Data Extracted!
8/23/2024 11:28:08 PM Saving Results...
8/23/2024 11:28:08 PM Saving File: d3f47381acb5c5e45b02711d895d0153.json
8/23/2024 11:28:08 PM Done!!
8/23/2024 11:28:08 PM Done!!
8/23/2024 11:28:08 PM Done!
