8/23/2024 11:28:27 PM Start analysis...
8/23/2024 11:28:27 PM Loading Dataset...
8/23/2024 11:28:27 PM Loading main data...
8/23/2024 11:28:27 PM File: Results/XR/Data\mainResults\ProjectInfo.json
8/23/2024 11:28:27 PM File: Results/XR/Data\metaResults\08d738de74ddcd94fbd32e671f5a7a27.json
8/23/2024 11:28:27 PM File: Results/XR/Data\metaResults\0d0b0582c885e044f9c1d0e9ec3790b8.json
8/23/2024 11:28:27 PM File: Results/XR/Data\metaResults\0e99362c9ce164447866458c29803ae9.json
8/23/2024 11:28:27 PM File: Results/XR/Data\metaResults\408c2b5ed5035e14aa9fb0011a8eef25.json
8/23/2024 11:28:27 PM File: Results/XR/Data\metaResults\9a187e177fefa7447b8997b89640de10.json
8/23/2024 11:28:27 PM Maindata loaded!
8/23/2024 11:28:27 PM Dataset Loaded!
8/23/2024 11:28:27 PM Searching for smells...
8/23/2024 11:28:27 PM Searching SubOptimal Expensive Lights...
8/23/2024 11:28:27 PM Done!!
8/23/2024 11:28:27 PM Searching SubOptimal Expensive Lights with enable LightRealTime...
8/23/2024 11:28:27 PM Done!!
8/23/2024 11:28:27 PM Searching Animation Object with Clear Flag=nothing...
8/23/2024 11:28:27 PM Done!!
8/23/2024 11:28:27 PM Search completed!
8/23/2024 11:28:27 PM Analysis Done!
8/23/2024 11:28:27 PM Saving results...
8/23/2024 11:28:27 PM Saving: SubOptimal_Expensive_Lights.json
8/23/2024 11:28:27 PM Saving: SubOptimal_Expensive_Lights_with_enable_LightRealTime.json
8/23/2024 11:28:27 PM Saving: Camera_Render_Clear_Flag_=_Don't_Clear.json
8/23/2024 11:28:27 PM Results saved in Results/XR/Data\MetaSmellResults
