8/23/2024 11:28:27 PM Loading extensions...
8/23/2024 11:28:27 PM Searching MetaData file inside project folder...
8/23/2024 11:28:27 PM Searching main file...
8/23/2024 11:28:27 PM Done!
8/23/2024 11:28:27 PM Searching meta file...
8/23/2024 11:28:27 PM Done!
8/23/2024 11:28:27 PM Done!
8/23/2024 11:28:27 PM Done!
8/23/2024 11:28:27 PM Creating Result Directories
8/23/2024 11:28:27 PM Start analisys...
8/23/2024 11:28:27 PM Analyzing Main MetaData...
8/23/2024 11:28:27 PM Saving Results...
8/23/2024 11:28:27 PM Saving File: ProjectInfo.json
8/23/2024 11:28:27 PM Done!!
8/23/2024 11:28:27 PM Done!
8/23/2024 11:28:27 PM Analyzing Meta files...
8/23/2024 11:28:27 PM Analyzing File: D:\Bug_injection_project\HandPosing_Demo-master\Assets\XR\Loaders.meta
8/23/2024 11:28:27 PM Data Extracted!
8/23/2024 11:28:27 PM Saving Results...
8/23/2024 11:28:27 PM Saving File: 9a187e177fefa7447b8997b89640de10.json
8/23/2024 11:28:27 PM Done!!
8/23/2024 11:28:27 PM Analyzing File: D:\Bug_injection_project\HandPosing_Demo-master\Assets\XR\Settings.meta
8/23/2024 11:28:27 PM Data Extracted!
8/23/2024 11:28:27 PM Saving Results...
8/23/2024 11:28:27 PM Saving File: 0e99362c9ce164447866458c29803ae9.json
8/23/2024 11:28:27 PM Done!!
8/23/2024 11:28:27 PM Analyzing File: D:\Bug_injection_project\HandPosing_Demo-master\Assets\XR\XRGeneralSettings.asset.meta
8/23/2024 11:28:27 PM Data Extracted!
8/23/2024 11:28:27 PM Saving Results...
8/23/2024 11:28:27 PM Saving File: 0d0b0582c885e044f9c1d0e9ec3790b8.json
8/23/2024 11:28:27 PM Done!!
8/23/2024 11:28:27 PM Analyzing File: D:\Bug_injection_project\HandPosing_Demo-master\Assets\XR\Loaders\Oculus Loader.asset.meta
8/23/2024 11:28:27 PM Data Extracted!
8/23/2024 11:28:27 PM Saving Results...
8/23/2024 11:28:27 PM Saving File: 08d738de74ddcd94fbd32e671f5a7a27.json
8/23/2024 11:28:27 PM Done!!
8/23/2024 11:28:27 PM Analyzing File: D:\Bug_injection_project\HandPosing_Demo-master\Assets\XR\Settings\Oculus Settings.asset.meta
8/23/2024 11:28:27 PM Data Extracted!
8/23/2024 11:28:27 PM Saving Results...
8/23/2024 11:28:27 PM Saving File: 408c2b5ed5035e14aa9fb0011a8eef25.json
8/23/2024 11:28:27 PM Done!!
8/23/2024 11:28:27 PM Done!!
8/23/2024 11:28:27 PM Done!
