8/23/2024 11:28:10 PM Loading extensions...
8/23/2024 11:28:10 PM Searching MetaData file inside project folder...
8/23/2024 11:28:10 PM Searching main file...
8/23/2024 11:28:10 PM Done!
8/23/2024 11:28:10 PM Searching meta file...
8/23/2024 11:28:10 PM Done!
8/23/2024 11:28:10 PM Done!
8/23/2024 11:28:10 PM Done!
8/23/2024 11:28:10 PM Creating Result Directories
8/23/2024 11:28:10 PM Start analisys...
8/23/2024 11:28:10 PM Analyzing Main MetaData...
8/23/2024 11:28:10 PM Saving Results...
8/23/2024 11:28:10 PM Saving File: ProjectInfo.json
8/23/2024 11:28:10 PM Done!!
8/23/2024 11:28:10 PM Analyzing File: D:\Bug_injection_project\HandPosing_Demo-master\Assets\Images\Materials\piratesPrivacyAccept.mat
8/23/2024 11:28:10 PM Data Extracted!
8/23/2024 11:28:10 PM Saving Results...
8/23/2024 11:28:10 PM Saving File: ee7908d2f69074547bd3916b56037636.json
8/23/2024 11:28:10 PM Done!!
8/23/2024 11:28:10 PM Analyzing File: D:\Bug_injection_project\HandPosing_Demo-master\Assets\Images\Materials\piratesPrivacyPolicy.mat
8/23/2024 11:28:10 PM Data Extracted!
8/23/2024 11:28:10 PM Saving Results...
8/23/2024 11:28:10 PM Saving File: d0078cc0a8b14b546965252f70004045.json
8/23/2024 11:28:10 PM Done!!
8/23/2024 11:28:10 PM Analyzing File: D:\Bug_injection_project\HandPosing_Demo-master\Assets\Images\Materials\piratesWArning.mat
8/23/2024 11:28:10 PM Data Extracted!
8/23/2024 11:28:10 PM Saving Results...
8/23/2024 11:28:10 PM Saving File: f2a2f9ae3f134164eae10cb615b9dd60.json
8/23/2024 11:28:10 PM Done!!
8/23/2024 11:28:10 PM Done!
8/23/2024 11:28:10 PM Analyzing Meta files...
8/23/2024 11:28:10 PM Analyzing File: D:\Bug_injection_project\HandPosing_Demo-master\Assets\Images\Materials.meta
8/23/2024 11:28:10 PM Data Extracted!
8/23/2024 11:28:10 PM Saving Results...
8/23/2024 11:28:10 PM Saving File: 68085cfd0477acf41bd168da2f0a486f.json
8/23/2024 11:28:10 PM Done!!
8/23/2024 11:28:10 PM Analyzing File: D:\Bug_injection_project\HandPosing_Demo-master\Assets\Images\mefistofiles_logo.png.meta
8/23/2024 11:28:10 PM Data Extracted!
8/23/2024 11:28:10 PM Saving Results...
8/23/2024 11:28:10 PM Saving File: 35e56386e83187a4b88203d406c8a923.json
8/23/2024 11:28:10 PM Done!!
8/23/2024 11:28:10 PM Analyzing File: D:\Bug_injection_project\HandPosing_Demo-master\Assets\Images\piratesLever.png.meta
8/23/2024 11:28:10 PM Data Extracted!
8/23/2024 11:28:10 PM Saving Results...
8/23/2024 11:28:10 PM Saving File: a0f1c00bdb357cf478a364f1de21e299.json
8/23/2024 11:28:10 PM Done!!
8/23/2024 11:28:10 PM Analyzing File: D:\Bug_injection_project\HandPosing_Demo-master\Assets\Images\piratesPrivacy.png.meta
8/23/2024 11:28:10 PM Data Extracted!
8/23/2024 11:28:10 PM Saving Results...
8/23/2024 11:28:10 PM Saving File: a5dba817f8fa7df4986d21415a8ef626.json
8/23/2024 11:28:10 PM Done!!
8/23/2024 11:28:10 PM Analyzing File: D:\Bug_injection_project\HandPosing_Demo-master\Assets\Images\piratesWArning.png.meta
8/23/2024 11:28:10 PM Data Extracted!
8/23/2024 11:28:10 PM Saving Results...
8/23/2024 11:28:10 PM Saving File: 948be82280fc34b4c925737f2fd0cd14.json
8/23/2024 11:28:10 PM Done!!
8/23/2024 11:28:10 PM Done!!
8/23/2024 11:28:10 PM Done!
