8/23/2024 11:28:23 PM Start analysis...
8/23/2024 11:28:23 PM Loading Dataset...
8/23/2024 11:28:23 PM Loading main data...
8/23/2024 11:28:23 PM File: Results/Resources/Data\mainResults\ProjectInfo.json
8/23/2024 11:28:23 PM File: Results/Resources/Data\metaResults\07acbb0e36e982e41832d3fa1d22bae8.json
8/23/2024 11:28:23 PM File: Results/Resources/Data\metaResults\25f0194b043fa784d8ffc3fc4ee5207c.json
8/23/2024 11:28:23 PM File: Results/Resources/Data\metaResults\a9e229ce576667c48b08885d036fb6ca.json
8/23/2024 11:28:23 PM File: Results/Resources/Data\metaResults\bef18b0aa75814b458574e48989f5eaf.json
8/23/2024 11:28:23 PM Maindata loaded!
8/23/2024 11:28:23 PM Dataset Loaded!
8/23/2024 11:28:23 PM Searching for smells...
8/23/2024 11:28:23 PM Searching SubOptimal Expensive Lights...
8/23/2024 11:28:23 PM Done!!
8/23/2024 11:28:23 PM Searching SubOptimal Expensive Lights with enable LightRealTime...
8/23/2024 11:28:23 PM Done!!
8/23/2024 11:28:23 PM Searching Animation Object with Clear Flag=nothing...
8/23/2024 11:28:23 PM Done!!
8/23/2024 11:28:23 PM Search completed!
8/23/2024 11:28:23 PM Analysis Done!
8/23/2024 11:28:23 PM Saving results...
8/23/2024 11:28:23 PM Saving: SubOptimal_Expensive_Lights.json
8/23/2024 11:28:24 PM Saving: SubOptimal_Expensive_Lights_with_enable_LightRealTime.json
8/23/2024 11:28:24 PM Saving: Camera_Render_Clear_Flag_=_Don't_Clear.json
8/23/2024 11:28:24 PM Results saved in Results/Resources/Data\MetaSmellResults
