8/23/2024 11:28:23 PM Loading extensions...
8/23/2024 11:28:23 PM Searching MetaData file inside project folder...
8/23/2024 11:28:23 PM Searching main file...
8/23/2024 11:28:23 PM Done!
8/23/2024 11:28:23 PM Searching meta file...
8/23/2024 11:28:23 PM Done!
8/23/2024 11:28:23 PM Done!
8/23/2024 11:28:23 PM Done!
8/23/2024 11:28:23 PM Creating Result Directories
8/23/2024 11:28:23 PM Start analisys...
8/23/2024 11:28:23 PM Analyzing Main MetaData...
8/23/2024 11:28:23 PM Saving Results...
8/23/2024 11:28:23 PM Saving File: ProjectInfo.json
8/23/2024 11:28:23 PM Done!!
8/23/2024 11:28:23 PM Done!
8/23/2024 11:28:23 PM Analyzing Meta files...
8/23/2024 11:28:23 PM Analyzing File: D:\Bug_injection_project\HandPosing_Demo-master\Assets\Resources\OculusPlatformSettings.asset.meta
8/23/2024 11:28:23 PM Data Extracted!
8/23/2024 11:28:23 PM Saving Results...
8/23/2024 11:28:23 PM Saving File: 07acbb0e36e982e41832d3fa1d22bae8.json
8/23/2024 11:28:23 PM Done!!
8/23/2024 11:28:23 PM Analyzing File: D:\Bug_injection_project\HandPosing_Demo-master\Assets\Resources\ONSPSettings.asset.meta
8/23/2024 11:28:23 PM Data Extracted!
8/23/2024 11:28:23 PM Saving Results...
8/23/2024 11:28:23 PM Saving File: bef18b0aa75814b458574e48989f5eaf.json
8/23/2024 11:28:23 PM Done!!
8/23/2024 11:28:23 PM Analyzing File: D:\Bug_injection_project\HandPosing_Demo-master\Assets\Resources\OVRBuildConfig.asset.meta
8/23/2024 11:28:23 PM Data Extracted!
8/23/2024 11:28:23 PM Saving Results...
8/23/2024 11:28:23 PM Saving File: 25f0194b043fa784d8ffc3fc4ee5207c.json
8/23/2024 11:28:23 PM Done!!
8/23/2024 11:28:23 PM Analyzing File: D:\Bug_injection_project\HandPosing_Demo-master\Assets\Resources\OVRPlatformToolSettings.asset.meta
8/23/2024 11:28:23 PM Data Extracted!
8/23/2024 11:28:23 PM Saving Results...
8/23/2024 11:28:23 PM Saving File: a9e229ce576667c48b08885d036fb6ca.json
8/23/2024 11:28:23 PM Done!!
8/23/2024 11:28:23 PM Done!!
8/23/2024 11:28:23 PM Done!
